[2021-12-07 16:54:13] prodcution.ERROR: [2021-12-07T16:54:13+0400] Invalid API key: ''. An API key must start with 'test_' or 'live_' and must be at least 30 characters long. {"exception":"[object] (Mollie\\Api\\Exceptions\\ApiException(code: 0): [2021-12-07T16:54:13+0400] Invalid API key: ''. An API key must start with 'test_' or 'live_' and must be at least 30 characters long. at /home/laravel/web/ae.yummy-hunt.com/public_html/vendor/mollie/mollie-api-php/src/MollieApiClient.php:383)
[stacktrace]
#0 /home/laravel/web/ae.yummy-hunt.com/public_html/vendor/mollie/laravel-mollie/src/Wrappers/MollieApiWrapper.php(92): Mollie\\Api\\MollieApiClient->setApiKey()
#1 /home/laravel/web/ae.yummy-hunt.com/public_html/vendor/mollie/laravel-mollie/src/Wrappers/MollieApiWrapper.php(67): Mollie\\Laravel\\Wrappers\\MollieApiWrapper->setApiKey()
#2 /home/laravel/web/ae.yummy-hunt.com/public_html/vendor/mollie/laravel-mollie/src/MollieServiceProvider.php(118): Mollie\\Laravel\\Wrappers\\MollieApiWrapper->__construct()
#3 /home/laravel/web/ae.yummy-hunt.com/public_html/vendor/laravel/framework/src/Illuminate/Container/Container.php(826): Mollie\\Laravel\\MollieServiceProvider->Mollie\\Laravel\\{closure}()
#4 /home/laravel/web/ae.yummy-hunt.com/public_html/vendor/laravel/framework/src/Illuminate/Container/Container.php(712): Illuminate\\Container\\Container->build()
#5 /home/laravel/web/ae.yummy-hunt.com/public_html/vendor/laravel/framework/src/Illuminate/Foundation/Application.php(796): Illuminate\\Container\\Container->resolve()
#6 /home/laravel/web/ae.yummy-hunt.com/public_html/vendor/laravel/framework/src/Illuminate/Container/Container.php(651): Illuminate\\Foundation\\Application->resolve()
#7 /home/laravel/web/ae.yummy-hunt.com/public_html/vendor/laravel/framework/src/Illuminate/Foundation/Application.php(781): Illuminate\\Container\\Container->make()
#8 /home/laravel/web/ae.yummy-hunt.com/public_html/vendor/laravel/framework/src/Illuminate/Container/Container.php(1354): Illuminate\\Foundation\\Application->make()
#9 /home/laravel/web/ae.yummy-hunt.com/public_html/vendor/mollie/laravel-mollie/src/MollieManager.php(63): Illuminate\\Container\\Container->offsetGet()
#10 /home/laravel/web/ae.yummy-hunt.com/public_html/vendor/laravel/framework/src/Illuminate/Support/Facades/Facade.php(261): Mollie\\Laravel\\MollieManager->api()
#11 /home/laravel/web/ae.yummy-hunt.com/public_html/app/Http/Controllers/PaymentController.php(205): Illuminate\\Support\\Facades\\Facade::__callStatic()
#12 /home/laravel/web/ae.yummy-hunt.com/public_html/vendor/laravel/framework/src/Illuminate/Routing/Controller.php(54): App\\Http\\Controllers\\PaymentController->handleWebhookNotification()
#13 /home/laravel/web/ae.yummy-hunt.com/public_html/vendor/laravel/framework/src/Illuminate/Routing/ControllerDispatcher.php(45): Illuminate\\Routing\\Controller->callAction()
#14 /home/laravel/web/ae.yummy-hunt.com/public_html/vendor/laravel/framework/src/Illuminate/Routing/Route.php(254): Illuminate\\Routing\\ControllerDispatcher->dispatch()
#15 /home/laravel/web/ae.yummy-hunt.com/public_html/vendor/laravel/framework/src/Illuminate/Routing/Route.php(197): Illuminate\\Routing\\Route->runController()
#16 /home/laravel/web/ae.yummy-hunt.com/public_html/vendor/laravel/framework/src/Illuminate/Routing/Router.php(692): Illuminate\\Routing\\Route->run()
#17 /home/laravel/web/ae.yummy-hunt.com/public_html/vendor/laravel/framework/src/Illuminate/Pipeline/Pipeline.php(128): Illuminate\\Routing\\Router->Illuminate\\Routing\\{closure}()
#18 /home/laravel/web/ae.yummy-hunt.com/public_html/vendor/laravel/framework/src/Illuminate/Routing/Middleware/SubstituteBindings.php(41): Illuminate\\Pipeline\\Pipeline->Illuminate\\Pipeline\\{closure}()
#19 /home/laravel/web/ae.yummy-hunt.com/public_html/vendor/laravel/framework/src/Illuminate/Pipeline/Pipeline.php(167): Illuminate\\Routing\\Middleware\\SubstituteBindings->handle()
#20 /home/laravel/web/ae.yummy-hunt.com/public_html/vendor/laravel/framework/src/Illuminate/Foundation/Http/Middleware/VerifyCsrfToken.php(78): Illuminate\\Pipeline\\Pipeline->Illuminate\\Pipeline\\{closure}()
#21 /home/laravel/web/ae.yummy-hunt.com/public_html/vendor/laravel/framework/src/Illuminate/Pipeline/Pipeline.php(167): Illuminate\\Foundation\\Http\\Middleware\\VerifyCsrfToken->handle()
#22 /home/laravel/web/ae.yummy-hunt.com/public_html/vendor/laravel/framework/src/Illuminate/View/Middleware/ShareErrorsFromSession.php(49): Illuminate\\Pipeline\\Pipeline->Illuminate\\Pipeline\\{closure}()
#23 /home/laravel/web/ae.yummy-hunt.com/public_html/vendor/laravel/framework/src/Illuminate/Pipeline/Pipeline.php(167): Illuminate\\View\\Middleware\\ShareErrorsFromSession->handle()
#24 /home/laravel/web/ae.yummy-hunt.com/public_html/app/Http/Middleware/Language.php(32): Illuminate\\Pipeline\\Pipeline->Illuminate\\Pipeline\\{closure}()
#25 /home/laravel/web/ae.yummy-hunt.com/public_html/vendor/laravel/framework/src/Illuminate/Pipeline/Pipeline.php(167): App\\Http\\Middleware\\Language->handle()
#26 /home/laravel/web/ae.yummy-hunt.com/public_html/vendor/laravel/framework/src/Illuminate/Session/Middleware/StartSession.php(121): Illuminate\\Pipeline\\Pipeline->Illuminate\\Pipeline\\{closure}()
#27 /home/laravel/web/ae.yummy-hunt.com/public_html/vendor/laravel/framework/src/Illuminate/Session/Middleware/StartSession.php(63): Illuminate\\Session\\Middleware\\StartSession->handleStatefulRequest()
#28 /home/laravel/web/ae.yummy-hunt.com/public_html/vendor/laravel/framework/src/Illuminate/Pipeline/Pipeline.php(167): Illuminate\\Session\\Middleware\\StartSession->handle()
#29 /home/laravel/web/ae.yummy-hunt.com/public_html/vendor/laravel/framework/src/Illuminate/Cookie/Middleware/AddQueuedCookiesToResponse.php(37): Illuminate\\Pipeline\\Pipeline->Illuminate\\Pipeline\\{closure}()
#30 /home/laravel/web/ae.yummy-hunt.com/public_html/vendor/laravel/framework/src/Illuminate/Pipeline/Pipeline.php(167): Illuminate\\Cookie\\Middleware\\AddQueuedCookiesToResponse->handle()
#31 /home/laravel/web/ae.yummy-hunt.com/public_html/vendor/laravel/framework/src/Illuminate/Cookie/Middleware/EncryptCookies.php(67): Illuminate\\Pipeline\\Pipeline->Illuminate\\Pipeline\\{closure}()
#32 /home/laravel/web/ae.yummy-hunt.com/public_html/vendor/laravel/framework/src/Illuminate/Pipeline/Pipeline.php(167): Illuminate\\Cookie\\Middleware\\EncryptCookies->handle()
#33 /home/laravel/web/ae.yummy-hunt.com/public_html/vendor/mobidonia/laravel-dashboard-installer/src/Middleware/ToInstallMiddleware.php(23): Illuminate\\Pipeline\\Pipeline->Illuminate\\Pipeline\\{closure}()
#34 /home/laravel/web/ae.yummy-hunt.com/public_html/vendor/laravel/framework/src/Illuminate/Pipeline/Pipeline.php(167): dacoto\\LaravelInstaller\\Middleware\\ToInstallMiddleware->handle()
#35 /home/laravel/web/ae.yummy-hunt.com/public_html/vendor/laravel/framework/src/Illuminate/Pipeline/Pipeline.php(103): Illuminate\\Pipeline\\Pipeline->Illuminate\\Pipeline\\{closure}()
#36 /home/laravel/web/ae.yummy-hunt.com/public_html/vendor/laravel/framework/src/Illuminate/Routing/Router.php(694): Illuminate\\Pipeline\\Pipeline->then()
#37 /home/laravel/web/ae.yummy-hunt.com/public_html/vendor/laravel/framework/src/Illuminate/Routing/Router.php(669): Illuminate\\Routing\\Router->runRouteWithinStack()
#38 /home/laravel/web/ae.yummy-hunt.com/public_html/vendor/laravel/framework/src/Illuminate/Routing/Router.php(635): Illuminate\\Routing\\Router->runRoute()
#39 /home/laravel/web/ae.yummy-hunt.com/public_html/vendor/laravel/framework/src/Illuminate/Routing/Router.php(624): Illuminate\\Routing\\Router->dispatchToRoute()
#40 /home/laravel/web/ae.yummy-hunt.com/public_html/vendor/laravel/framework/src/Illuminate/Foundation/Http/Kernel.php(166): Illuminate\\Routing\\Router->dispatch()
#41 /home/laravel/web/ae.yummy-hunt.com/public_html/vendor/laravel/framework/src/Illuminate/Pipeline/Pipeline.php(128): Illuminate\\Foundation\\Http\\Kernel->Illuminate\\Foundation\\Http\\{closure}()
#42 /home/laravel/web/ae.yummy-hunt.com/public_html/vendor/barryvdh/laravel-debugbar/src/Middleware/InjectDebugbar.php(60): Illuminate\\Pipeline\\Pipeline->Illuminate\\Pipeline\\{closure}()
#43 /home/laravel/web/ae.yummy-hunt.com/public_html/vendor/laravel/framework/src/Illuminate/Pipeline/Pipeline.php(167): Barryvdh\\Debugbar\\Middleware\\InjectDebugbar->handle()
#44 /home/laravel/web/ae.yummy-hunt.com/public_html/vendor/laravel/framework/src/Illuminate/Foundation/Http/Middleware/TransformsRequest.php(21): Illuminate\\Pipeline\\Pipeline->Illuminate\\Pipeline\\{closure}()
#45 /home/laravel/web/ae.yummy-hunt.com/public_html/vendor/laravel/framework/src/Illuminate/Pipeline/Pipeline.php(167): Illuminate\\Foundation\\Http\\Middleware\\TransformsRequest->handle()
#46 /home/laravel/web/ae.yummy-hunt.com/public_html/vendor/laravel/framework/src/Illuminate/Foundation/Http/Middleware/TransformsRequest.php(21): Illuminate\\Pipeline\\Pipeline->Illuminate\\Pipeline\\{closure}()
#47 /home/laravel/web/ae.yummy-hunt.com/public_html/vendor/laravel/framework/src/Illuminate/Pipeline/Pipeline.php(167): Illuminate\\Foundation\\Http\\Middleware\\TransformsRequest->handle()
#48 /home/laravel/web/ae.yummy-hunt.com/public_html/vendor/laravel/framework/src/Illuminate/Foundation/Http/Middleware/ValidatePostSize.php(27): Illuminate\\Pipeline\\Pipeline->Illuminate\\Pipeline\\{closure}()
#49 /home/laravel/web/ae.yummy-hunt.com/public_html/vendor/laravel/framework/src/Illuminate/Pipeline/Pipeline.php(167): Illuminate\\Foundation\\Http\\Middleware\\ValidatePostSize->handle()
#50 /home/laravel/web/ae.yummy-hunt.com/public_html/vendor/laravel/framework/src/Illuminate/Foundation/Http/Middleware/PreventRequestsDuringMaintenance.php(86): Illuminate\\Pipeline\\Pipeline->Illuminate\\Pipeline\\{closure}()
#51 /home/laravel/web/ae.yummy-hunt.com/public_html/vendor/laravel/framework/src/Illuminate/Pipeline/Pipeline.php(167): Illuminate\\Foundation\\Http\\Middleware\\PreventRequestsDuringMaintenance->handle()
#52 /home/laravel/web/ae.yummy-hunt.com/public_html/vendor/fruitcake/laravel-cors/src/HandleCors.php(37): Illuminate\\Pipeline\\Pipeline->Illuminate\\Pipeline\\{closure}()
#53 /home/laravel/web/ae.yummy-hunt.com/public_html/vendor/laravel/framework/src/Illuminate/Pipeline/Pipeline.php(167): Fruitcake\\Cors\\HandleCors->handle()
#54 /home/laravel/web/ae.yummy-hunt.com/public_html/vendor/fideloper/proxy/src/TrustProxies.php(57): Illuminate\\Pipeline\\Pipeline->Illuminate\\Pipeline\\{closure}()
#55 /home/laravel/web/ae.yummy-hunt.com/public_html/vendor/laravel/framework/src/Illuminate/Pipeline/Pipeline.php(167): Fideloper\\Proxy\\TrustProxies->handle()
#56 /home/laravel/web/ae.yummy-hunt.com/public_html/vendor/sentry/sentry-laravel/src/Sentry/Laravel/Tracing/Middleware.php(46): Illuminate\\Pipeline\\Pipeline->Illuminate\\Pipeline\\{closure}()
#57 /home/laravel/web/ae.yummy-hunt.com/public_html/vendor/laravel/framework/src/Illuminate/Pipeline/Pipeline.php(167): Sentry\\Laravel\\Tracing\\Middleware->handle()
#58 /home/laravel/web/ae.yummy-hunt.com/public_html/vendor/laravel/framework/src/Illuminate/Pipeline/Pipeline.php(103): Illuminate\\Pipeline\\Pipeline->Illuminate\\Pipeline\\{closure}()
#59 /home/laravel/web/ae.yummy-hunt.com/public_html/vendor/laravel/framework/src/Illuminate/Foundation/Http/Kernel.php(141): Illuminate\\Pipeline\\Pipeline->then()
#60 /home/laravel/web/ae.yummy-hunt.com/public_html/vendor/laravel/framework/src/Illuminate/Foundation/Http/Kernel.php(110): Illuminate\\Foundation\\Http\\Kernel->sendRequestThroughRouter()
#61 /home/laravel/web/ae.yummy-hunt.com/public_html/public/index.php(52): Illuminate\\Foundation\\Http\\Kernel->handle()
#62 {main}
"} 
[2021-12-07 16:56:24] prodcution.ERROR: [2021-12-07T16:56:24+0400] Invalid API key: ''. An API key must start with 'test_' or 'live_' and must be at least 30 characters long. {"exception":"[object] (Mollie\\Api\\Exceptions\\ApiException(code: 0): [2021-12-07T16:56:24+0400] Invalid API key: ''. An API key must start with 'test_' or 'live_' and must be at least 30 characters long. at /home/laravel/web/ae.yummy-hunt.com/public_html/vendor/mollie/mollie-api-php/src/MollieApiClient.php:383)
[stacktrace]
#0 /home/laravel/web/ae.yummy-hunt.com/public_html/vendor/mollie/laravel-mollie/src/Wrappers/MollieApiWrapper.php(92): Mollie\\Api\\MollieApiClient->setApiKey()
#1 /home/laravel/web/ae.yummy-hunt.com/public_html/vendor/mollie/laravel-mollie/src/Wrappers/MollieApiWrapper.php(67): Mollie\\Laravel\\Wrappers\\MollieApiWrapper->setApiKey()
#2 /home/laravel/web/ae.yummy-hunt.com/public_html/vendor/mollie/laravel-mollie/src/MollieServiceProvider.php(118): Mollie\\Laravel\\Wrappers\\MollieApiWrapper->__construct()
#3 /home/laravel/web/ae.yummy-hunt.com/public_html/vendor/laravel/framework/src/Illuminate/Container/Container.php(826): Mollie\\Laravel\\MollieServiceProvider->Mollie\\Laravel\\{closure}()
#4 /home/laravel/web/ae.yummy-hunt.com/public_html/vendor/laravel/framework/src/Illuminate/Container/Container.php(712): Illuminate\\Container\\Container->build()
#5 /home/laravel/web/ae.yummy-hunt.com/public_html/vendor/laravel/framework/src/Illuminate/Foundation/Application.php(796): Illuminate\\Container\\Container->resolve()
#6 /home/laravel/web/ae.yummy-hunt.com/public_html/vendor/laravel/framework/src/Illuminate/Container/Container.php(651): Illuminate\\Foundation\\Application->resolve()
#7 /home/laravel/web/ae.yummy-hunt.com/public_html/vendor/laravel/framework/src/Illuminate/Foundation/Application.php(781): Illuminate\\Container\\Container->make()
#8 /home/laravel/web/ae.yummy-hunt.com/public_html/vendor/laravel/framework/src/Illuminate/Container/Container.php(1354): Illuminate\\Foundation\\Application->make()
#9 /home/laravel/web/ae.yummy-hunt.com/public_html/vendor/mollie/laravel-mollie/src/MollieManager.php(63): Illuminate\\Container\\Container->offsetGet()
#10 /home/laravel/web/ae.yummy-hunt.com/public_html/vendor/laravel/framework/src/Illuminate/Support/Facades/Facade.php(261): Mollie\\Laravel\\MollieManager->api()
#11 /home/laravel/web/ae.yummy-hunt.com/public_html/app/Http/Controllers/PaymentController.php(205): Illuminate\\Support\\Facades\\Facade::__callStatic()
#12 /home/laravel/web/ae.yummy-hunt.com/public_html/vendor/laravel/framework/src/Illuminate/Routing/Controller.php(54): App\\Http\\Controllers\\PaymentController->handleWebhookNotification()
#13 /home/laravel/web/ae.yummy-hunt.com/public_html/vendor/laravel/framework/src/Illuminate/Routing/ControllerDispatcher.php(45): Illuminate\\Routing\\Controller->callAction()
#14 /home/laravel/web/ae.yummy-hunt.com/public_html/vendor/laravel/framework/src/Illuminate/Routing/Route.php(254): Illuminate\\Routing\\ControllerDispatcher->dispatch()
#15 /home/laravel/web/ae.yummy-hunt.com/public_html/vendor/laravel/framework/src/Illuminate/Routing/Route.php(197): Illuminate\\Routing\\Route->runController()
#16 /home/laravel/web/ae.yummy-hunt.com/public_html/vendor/laravel/framework/src/Illuminate/Routing/Router.php(692): Illuminate\\Routing\\Route->run()
#17 /home/laravel/web/ae.yummy-hunt.com/public_html/vendor/laravel/framework/src/Illuminate/Pipeline/Pipeline.php(128): Illuminate\\Routing\\Router->Illuminate\\Routing\\{closure}()
#18 /home/laravel/web/ae.yummy-hunt.com/public_html/vendor/laravel/framework/src/Illuminate/Routing/Middleware/SubstituteBindings.php(41): Illuminate\\Pipeline\\Pipeline->Illuminate\\Pipeline\\{closure}()
#19 /home/laravel/web/ae.yummy-hunt.com/public_html/vendor/laravel/framework/src/Illuminate/Pipeline/Pipeline.php(167): Illuminate\\Routing\\Middleware\\SubstituteBindings->handle()
#20 /home/laravel/web/ae.yummy-hunt.com/public_html/vendor/laravel/framework/src/Illuminate/Foundation/Http/Middleware/VerifyCsrfToken.php(78): Illuminate\\Pipeline\\Pipeline->Illuminate\\Pipeline\\{closure}()
#21 /home/laravel/web/ae.yummy-hunt.com/public_html/vendor/laravel/framework/src/Illuminate/Pipeline/Pipeline.php(167): Illuminate\\Foundation\\Http\\Middleware\\VerifyCsrfToken->handle()
#22 /home/laravel/web/ae.yummy-hunt.com/public_html/vendor/laravel/framework/src/Illuminate/View/Middleware/ShareErrorsFromSession.php(49): Illuminate\\Pipeline\\Pipeline->Illuminate\\Pipeline\\{closure}()
#23 /home/laravel/web/ae.yummy-hunt.com/public_html/vendor/laravel/framework/src/Illuminate/Pipeline/Pipeline.php(167): Illuminate\\View\\Middleware\\ShareErrorsFromSession->handle()
#24 /home/laravel/web/ae.yummy-hunt.com/public_html/app/Http/Middleware/Language.php(32): Illuminate\\Pipeline\\Pipeline->Illuminate\\Pipeline\\{closure}()
#25 /home/laravel/web/ae.yummy-hunt.com/public_html/vendor/laravel/framework/src/Illuminate/Pipeline/Pipeline.php(167): App\\Http\\Middleware\\Language->handle()
#26 /home/laravel/web/ae.yummy-hunt.com/public_html/vendor/laravel/framework/src/Illuminate/Session/Middleware/StartSession.php(121): Illuminate\\Pipeline\\Pipeline->Illuminate\\Pipeline\\{closure}()
#27 /home/laravel/web/ae.yummy-hunt.com/public_html/vendor/laravel/framework/src/Illuminate/Session/Middleware/StartSession.php(63): Illuminate\\Session\\Middleware\\StartSession->handleStatefulRequest()
#28 /home/laravel/web/ae.yummy-hunt.com/public_html/vendor/laravel/framework/src/Illuminate/Pipeline/Pipeline.php(167): Illuminate\\Session\\Middleware\\StartSession->handle()
#29 /home/laravel/web/ae.yummy-hunt.com/public_html/vendor/laravel/framework/src/Illuminate/Cookie/Middleware/AddQueuedCookiesToResponse.php(37): Illuminate\\Pipeline\\Pipeline->Illuminate\\Pipeline\\{closure}()
#30 /home/laravel/web/ae.yummy-hunt.com/public_html/vendor/laravel/framework/src/Illuminate/Pipeline/Pipeline.php(167): Illuminate\\Cookie\\Middleware\\AddQueuedCookiesToResponse->handle()
#31 /home/laravel/web/ae.yummy-hunt.com/public_html/vendor/laravel/framework/src/Illuminate/Cookie/Middleware/EncryptCookies.php(67): Illuminate\\Pipeline\\Pipeline->Illuminate\\Pipeline\\{closure}()
#32 /home/laravel/web/ae.yummy-hunt.com/public_html/vendor/laravel/framework/src/Illuminate/Pipeline/Pipeline.php(167): Illuminate\\Cookie\\Middleware\\EncryptCookies->handle()
#33 /home/laravel/web/ae.yummy-hunt.com/public_html/vendor/mobidonia/laravel-dashboard-installer/src/Middleware/ToInstallMiddleware.php(23): Illuminate\\Pipeline\\Pipeline->Illuminate\\Pipeline\\{closure}()
#34 /home/laravel/web/ae.yummy-hunt.com/public_html/vendor/laravel/framework/src/Illuminate/Pipeline/Pipeline.php(167): dacoto\\LaravelInstaller\\Middleware\\ToInstallMiddleware->handle()
#35 /home/laravel/web/ae.yummy-hunt.com/public_html/vendor/laravel/framework/src/Illuminate/Pipeline/Pipeline.php(103): Illuminate\\Pipeline\\Pipeline->Illuminate\\Pipeline\\{closure}()
#36 /home/laravel/web/ae.yummy-hunt.com/public_html/vendor/laravel/framework/src/Illuminate/Routing/Router.php(694): Illuminate\\Pipeline\\Pipeline->then()
#37 /home/laravel/web/ae.yummy-hunt.com/public_html/vendor/laravel/framework/src/Illuminate/Routing/Router.php(669): Illuminate\\Routing\\Router->runRouteWithinStack()
#38 /home/laravel/web/ae.yummy-hunt.com/public_html/vendor/laravel/framework/src/Illuminate/Routing/Router.php(635): Illuminate\\Routing\\Router->runRoute()
#39 /home/laravel/web/ae.yummy-hunt.com/public_html/vendor/laravel/framework/src/Illuminate/Routing/Router.php(624): Illuminate\\Routing\\Router->dispatchToRoute()
#40 /home/laravel/web/ae.yummy-hunt.com/public_html/vendor/laravel/framework/src/Illuminate/Foundation/Http/Kernel.php(166): Illuminate\\Routing\\Router->dispatch()
#41 /home/laravel/web/ae.yummy-hunt.com/public_html/vendor/laravel/framework/src/Illuminate/Pipeline/Pipeline.php(128): Illuminate\\Foundation\\Http\\Kernel->Illuminate\\Foundation\\Http\\{closure}()
#42 /home/laravel/web/ae.yummy-hunt.com/public_html/vendor/barryvdh/laravel-debugbar/src/Middleware/InjectDebugbar.php(60): Illuminate\\Pipeline\\Pipeline->Illuminate\\Pipeline\\{closure}()
#43 /home/laravel/web/ae.yummy-hunt.com/public_html/vendor/laravel/framework/src/Illuminate/Pipeline/Pipeline.php(167): Barryvdh\\Debugbar\\Middleware\\InjectDebugbar->handle()
#44 /home/laravel/web/ae.yummy-hunt.com/public_html/vendor/laravel/framework/src/Illuminate/Foundation/Http/Middleware/TransformsRequest.php(21): Illuminate\\Pipeline\\Pipeline->Illuminate\\Pipeline\\{closure}()
#45 /home/laravel/web/ae.yummy-hunt.com/public_html/vendor/laravel/framework/src/Illuminate/Pipeline/Pipeline.php(167): Illuminate\\Foundation\\Http\\Middleware\\TransformsRequest->handle()
#46 /home/laravel/web/ae.yummy-hunt.com/public_html/vendor/laravel/framework/src/Illuminate/Foundation/Http/Middleware/TransformsRequest.php(21): Illuminate\\Pipeline\\Pipeline->Illuminate\\Pipeline\\{closure}()
#47 /home/laravel/web/ae.yummy-hunt.com/public_html/vendor/laravel/framework/src/Illuminate/Pipeline/Pipeline.php(167): Illuminate\\Foundation\\Http\\Middleware\\TransformsRequest->handle()
#48 /home/laravel/web/ae.yummy-hunt.com/public_html/vendor/laravel/framework/src/Illuminate/Foundation/Http/Middleware/ValidatePostSize.php(27): Illuminate\\Pipeline\\Pipeline->Illuminate\\Pipeline\\{closure}()
#49 /home/laravel/web/ae.yummy-hunt.com/public_html/vendor/laravel/framework/src/Illuminate/Pipeline/Pipeline.php(167): Illuminate\\Foundation\\Http\\Middleware\\ValidatePostSize->handle()
#50 /home/laravel/web/ae.yummy-hunt.com/public_html/vendor/laravel/framework/src/Illuminate/Foundation/Http/Middleware/PreventRequestsDuringMaintenance.php(86): Illuminate\\Pipeline\\Pipeline->Illuminate\\Pipeline\\{closure}()
#51 /home/laravel/web/ae.yummy-hunt.com/public_html/vendor/laravel/framework/src/Illuminate/Pipeline/Pipeline.php(167): Illuminate\\Foundation\\Http\\Middleware\\PreventRequestsDuringMaintenance->handle()
#52 /home/laravel/web/ae.yummy-hunt.com/public_html/vendor/fruitcake/laravel-cors/src/HandleCors.php(37): Illuminate\\Pipeline\\Pipeline->Illuminate\\Pipeline\\{closure}()
#53 /home/laravel/web/ae.yummy-hunt.com/public_html/vendor/laravel/framework/src/Illuminate/Pipeline/Pipeline.php(167): Fruitcake\\Cors\\HandleCors->handle()
#54 /home/laravel/web/ae.yummy-hunt.com/public_html/vendor/fideloper/proxy/src/TrustProxies.php(57): Illuminate\\Pipeline\\Pipeline->Illuminate\\Pipeline\\{closure}()
#55 /home/laravel/web/ae.yummy-hunt.com/public_html/vendor/laravel/framework/src/Illuminate/Pipeline/Pipeline.php(167): Fideloper\\Proxy\\TrustProxies->handle()
#56 /home/laravel/web/ae.yummy-hunt.com/public_html/vendor/sentry/sentry-laravel/src/Sentry/Laravel/Tracing/Middleware.php(46): Illuminate\\Pipeline\\Pipeline->Illuminate\\Pipeline\\{closure}()
#57 /home/laravel/web/ae.yummy-hunt.com/public_html/vendor/laravel/framework/src/Illuminate/Pipeline/Pipeline.php(167): Sentry\\Laravel\\Tracing\\Middleware->handle()
#58 /home/laravel/web/ae.yummy-hunt.com/public_html/vendor/laravel/framework/src/Illuminate/Pipeline/Pipeline.php(103): Illuminate\\Pipeline\\Pipeline->Illuminate\\Pipeline\\{closure}()
#59 /home/laravel/web/ae.yummy-hunt.com/public_html/vendor/laravel/framework/src/Illuminate/Foundation/Http/Kernel.php(141): Illuminate\\Pipeline\\Pipeline->then()
#60 /home/laravel/web/ae.yummy-hunt.com/public_html/vendor/laravel/framework/src/Illuminate/Foundation/Http/Kernel.php(110): Illuminate\\Foundation\\Http\\Kernel->sendRequestThroughRouter()
#61 /home/laravel/web/ae.yummy-hunt.com/public_html/public/index.php(52): Illuminate\\Foundation\\Http\\Kernel->handle()
#62 {main}
"} 
