[2022-02-16 20:10:20] prodcution.ERROR: Undefined index: url {"userId":3,"exception":"[object] (ErrorException(code: 0): Undefined index: url at /home/laravel/web/syr.yummy-hunt.com/public_html/app/Http/Controllers/API/Dealont/AuthController.php:99)
[stacktrace]
#0 /home/laravel/web/syr.yummy-hunt.com/public_html/app/Http/Controllers/API/Dealont/AuthController.php(99): Illuminate\\Foundation\\Bootstrap\\HandleExceptions->handleError()
#1 /home/laravel/web/syr.yummy-hunt.com/public_html/vendor/laravel/framework/src/Illuminate/Routing/Controller.php(54): App\\Http\\Controllers\\API\\Dealont\\AuthController->updateprofile()
#2 /home/laravel/web/syr.yummy-hunt.com/public_html/vendor/laravel/framework/src/Illuminate/Routing/ControllerDispatcher.php(45): Illuminate\\Routing\\Controller->callAction()
#3 /home/laravel/web/syr.yummy-hunt.com/public_html/vendor/laravel/framework/src/Illuminate/Routing/Route.php(262): Illuminate\\Routing\\ControllerDispatcher->dispatch()
#4 /home/laravel/web/syr.yummy-hunt.com/public_html/vendor/laravel/framework/src/Illuminate/Routing/Route.php(205): Illuminate\\Routing\\Route->runController()
#5 /home/laravel/web/syr.yummy-hunt.com/public_html/vendor/laravel/framework/src/Illuminate/Routing/Router.php(721): Illuminate\\Routing\\Route->run()
#6 /home/laravel/web/syr.yummy-hunt.com/public_html/vendor/laravel/framework/src/Illuminate/Pipeline/Pipeline.php(128): Illuminate\\Routing\\Router->Illuminate\\Routing\\{closure}()
#7 /home/laravel/web/syr.yummy-hunt.com/public_html/vendor/laravel/framework/src/Illuminate/Routing/Middleware/SubstituteBindings.php(50): Illuminate\\Pipeline\\Pipeline->Illuminate\\Pipeline\\{closure}()
#8 /home/laravel/web/syr.yummy-hunt.com/public_html/vendor/laravel/framework/src/Illuminate/Pipeline/Pipeline.php(167): Illuminate\\Routing\\Middleware\\SubstituteBindings->handle()
#9 /home/laravel/web/syr.yummy-hunt.com/public_html/vendor/laravel/framework/src/Illuminate/Routing/Middleware/ThrottleRequests.php(127): Illuminate\\Pipeline\\Pipeline->Illuminate\\Pipeline\\{closure}()
#10 /home/laravel/web/syr.yummy-hunt.com/public_html/vendor/laravel/framework/src/Illuminate/Routing/Middleware/ThrottleRequests.php(103): Illuminate\\Routing\\Middleware\\ThrottleRequests->handleRequest()
#11 /home/laravel/web/syr.yummy-hunt.com/public_html/vendor/laravel/framework/src/Illuminate/Routing/Middleware/ThrottleRequests.php(55): Illuminate\\Routing\\Middleware\\ThrottleRequests->handleRequestUsingNamedLimiter()
#12 /home/laravel/web/syr.yummy-hunt.com/public_html/vendor/laravel/framework/src/Illuminate/Pipeline/Pipeline.php(167): Illuminate\\Routing\\Middleware\\ThrottleRequests->handle()
#13 /home/laravel/web/syr.yummy-hunt.com/public_html/vendor/laravel/framework/src/Illuminate/Auth/Middleware/Authenticate.php(44): Illuminate\\Pipeline\\Pipeline->Illuminate\\Pipeline\\{closure}()
#14 /home/laravel/web/syr.yummy-hunt.com/public_html/vendor/laravel/framework/src/Illuminate/Pipeline/Pipeline.php(167): Illuminate\\Auth\\Middleware\\Authenticate->handle()
#15 /home/laravel/web/syr.yummy-hunt.com/public_html/vendor/laravel/framework/src/Illuminate/Pipeline/Pipeline.php(103): Illuminate\\Pipeline\\Pipeline->Illuminate\\Pipeline\\{closure}()
#16 /home/laravel/web/syr.yummy-hunt.com/public_html/vendor/laravel/framework/src/Illuminate/Routing/Router.php(723): Illuminate\\Pipeline\\Pipeline->then()
#17 /home/laravel/web/syr.yummy-hunt.com/public_html/vendor/laravel/framework/src/Illuminate/Routing/Router.php(698): Illuminate\\Routing\\Router->runRouteWithinStack()
#18 /home/laravel/web/syr.yummy-hunt.com/public_html/vendor/laravel/framework/src/Illuminate/Routing/Router.php(662): Illuminate\\Routing\\Router->runRoute()
#19 /home/laravel/web/syr.yummy-hunt.com/public_html/vendor/laravel/framework/src/Illuminate/Routing/Router.php(651): Illuminate\\Routing\\Router->dispatchToRoute()
#20 /home/laravel/web/syr.yummy-hunt.com/public_html/vendor/laravel/framework/src/Illuminate/Foundation/Http/Kernel.php(167): Illuminate\\Routing\\Router->dispatch()
#21 /home/laravel/web/syr.yummy-hunt.com/public_html/vendor/laravel/framework/src/Illuminate/Pipeline/Pipeline.php(128): Illuminate\\Foundation\\Http\\Kernel->Illuminate\\Foundation\\Http\\{closure}()
#22 /home/laravel/web/syr.yummy-hunt.com/public_html/vendor/sentry/sentry-laravel/src/Sentry/Laravel/Http/SetRequestIpMiddleware.php(45): Illuminate\\Pipeline\\Pipeline->Illuminate\\Pipeline\\{closure}()
#23 /home/laravel/web/syr.yummy-hunt.com/public_html/vendor/laravel/framework/src/Illuminate/Pipeline/Pipeline.php(167): Sentry\\Laravel\\Http\\SetRequestIpMiddleware->handle()
#24 /home/laravel/web/syr.yummy-hunt.com/public_html/vendor/sentry/sentry-laravel/src/Sentry/Laravel/Http/SetRequestMiddleware.php(42): Illuminate\\Pipeline\\Pipeline->Illuminate\\Pipeline\\{closure}()
#25 /home/laravel/web/syr.yummy-hunt.com/public_html/vendor/laravel/framework/src/Illuminate/Pipeline/Pipeline.php(167): Sentry\\Laravel\\Http\\SetRequestMiddleware->handle()
#26 /home/laravel/web/syr.yummy-hunt.com/public_html/vendor/barryvdh/laravel-debugbar/src/Middleware/InjectDebugbar.php(60): Illuminate\\Pipeline\\Pipeline->Illuminate\\Pipeline\\{closure}()
#27 /home/laravel/web/syr.yummy-hunt.com/public_html/vendor/laravel/framework/src/Illuminate/Pipeline/Pipeline.php(167): Barryvdh\\Debugbar\\Middleware\\InjectDebugbar->handle()
#28 /home/laravel/web/syr.yummy-hunt.com/public_html/vendor/laravel/framework/src/Illuminate/Foundation/Http/Middleware/TransformsRequest.php(21): Illuminate\\Pipeline\\Pipeline->Illuminate\\Pipeline\\{closure}()
#29 /home/laravel/web/syr.yummy-hunt.com/public_html/vendor/laravel/framework/src/Illuminate/Foundation/Http/Middleware/ConvertEmptyStringsToNull.php(31): Illuminate\\Foundation\\Http\\Middleware\\TransformsRequest->handle()
#30 /home/laravel/web/syr.yummy-hunt.com/public_html/vendor/laravel/framework/src/Illuminate/Pipeline/Pipeline.php(167): Illuminate\\Foundation\\Http\\Middleware\\ConvertEmptyStringsToNull->handle()
#31 /home/laravel/web/syr.yummy-hunt.com/public_html/vendor/laravel/framework/src/Illuminate/Foundation/Http/Middleware/TransformsRequest.php(21): Illuminate\\Pipeline\\Pipeline->Illuminate\\Pipeline\\{closure}()
#32 /home/laravel/web/syr.yummy-hunt.com/public_html/vendor/laravel/framework/src/Illuminate/Foundation/Http/Middleware/TrimStrings.php(40): Illuminate\\Foundation\\Http\\Middleware\\TransformsRequest->handle()
#33 /home/laravel/web/syr.yummy-hunt.com/public_html/vendor/laravel/framework/src/Illuminate/Pipeline/Pipeline.php(167): Illuminate\\Foundation\\Http\\Middleware\\TrimStrings->handle()
#34 /home/laravel/web/syr.yummy-hunt.com/public_html/vendor/laravel/framework/src/Illuminate/Foundation/Http/Middleware/ValidatePostSize.php(27): Illuminate\\Pipeline\\Pipeline->Illuminate\\Pipeline\\{closure}()
#35 /home/laravel/web/syr.yummy-hunt.com/public_html/vendor/laravel/framework/src/Illuminate/Pipeline/Pipeline.php(167): Illuminate\\Foundation\\Http\\Middleware\\ValidatePostSize->handle()
#36 /home/laravel/web/syr.yummy-hunt.com/public_html/vendor/laravel/framework/src/Illuminate/Foundation/Http/Middleware/PreventRequestsDuringMaintenance.php(86): Illuminate\\Pipeline\\Pipeline->Illuminate\\Pipeline\\{closure}()
#37 /home/laravel/web/syr.yummy-hunt.com/public_html/vendor/laravel/framework/src/Illuminate/Pipeline/Pipeline.php(167): Illuminate\\Foundation\\Http\\Middleware\\PreventRequestsDuringMaintenance->handle()
#38 /home/laravel/web/syr.yummy-hunt.com/public_html/vendor/fruitcake/laravel-cors/src/HandleCors.php(52): Illuminate\\Pipeline\\Pipeline->Illuminate\\Pipeline\\{closure}()
#39 /home/laravel/web/syr.yummy-hunt.com/public_html/vendor/laravel/framework/src/Illuminate/Pipeline/Pipeline.php(167): Fruitcake\\Cors\\HandleCors->handle()
#40 /home/laravel/web/syr.yummy-hunt.com/public_html/vendor/fideloper/proxy/src/TrustProxies.php(57): Illuminate\\Pipeline\\Pipeline->Illuminate\\Pipeline\\{closure}()
#41 /home/laravel/web/syr.yummy-hunt.com/public_html/vendor/laravel/framework/src/Illuminate/Pipeline/Pipeline.php(167): Fideloper\\Proxy\\TrustProxies->handle()
#42 /home/laravel/web/syr.yummy-hunt.com/public_html/vendor/laravel/framework/src/Illuminate/Pipeline/Pipeline.php(103): Illuminate\\Pipeline\\Pipeline->Illuminate\\Pipeline\\{closure}()
#43 /home/laravel/web/syr.yummy-hunt.com/public_html/vendor/laravel/framework/src/Illuminate/Foundation/Http/Kernel.php(142): Illuminate\\Pipeline\\Pipeline->then()
#44 /home/laravel/web/syr.yummy-hunt.com/public_html/vendor/laravel/framework/src/Illuminate/Foundation/Http/Kernel.php(111): Illuminate\\Foundation\\Http\\Kernel->sendRequestThroughRouter()
#45 /home/laravel/web/syr.yummy-hunt.com/public_html/public/index.php(51): Illuminate\\Foundation\\Http\\Kernel->handle()
#46 {main}
"} 
[2022-02-16 20:11:46] prodcution.ERROR: SQLSTATE[42S22]: Column not found: 1054 Unknown column 'user_url' in 'field list' (SQL: update `app_users` set `name` = kashifwahaj01, `email` = kashifwahaj1@gmail.com, `user_url` = ?, `app_users`.`updated_at` = 2022-02-16 20:11:46 where `id` = 3) {"userId":3,"exception":"[object] (Illuminate\\Database\\QueryException(code: 42S22): SQLSTATE[42S22]: Column not found: 1054 Unknown column 'user_url' in 'field list' (SQL: update `app_users` set `name` = kashifwahaj01, `email` = kashifwahaj1@gmail.com, `user_url` = ?, `app_users`.`updated_at` = 2022-02-16 20:11:46 where `id` = 3) at /home/laravel/web/syr.yummy-hunt.com/public_html/vendor/laravel/framework/src/Illuminate/Database/Connection.php:712)
[stacktrace]
#0 /home/laravel/web/syr.yummy-hunt.com/public_html/vendor/laravel/framework/src/Illuminate/Database/Connection.php(672): Illuminate\\Database\\Connection->runQueryCallback()
#1 /home/laravel/web/syr.yummy-hunt.com/public_html/vendor/laravel/framework/src/Illuminate/Database/Connection.php(533): Illuminate\\Database\\Connection->run()
#2 /home/laravel/web/syr.yummy-hunt.com/public_html/vendor/laravel/framework/src/Illuminate/Database/Connection.php(466): Illuminate\\Database\\Connection->affectingStatement()
#3 /home/laravel/web/syr.yummy-hunt.com/public_html/vendor/laravel/framework/src/Illuminate/Database/Query/Builder.php(3063): Illuminate\\Database\\Connection->update()
#4 /home/laravel/web/syr.yummy-hunt.com/public_html/vendor/laravel/framework/src/Illuminate/Database/Eloquent/Builder.php(919): Illuminate\\Database\\Query\\Builder->update()
#5 /home/laravel/web/syr.yummy-hunt.com/public_html/vendor/laravel/framework/src/Illuminate/Database/Eloquent/Model.php(1072): Illuminate\\Database\\Eloquent\\Builder->update()
#6 /home/laravel/web/syr.yummy-hunt.com/public_html/vendor/laravel/framework/src/Illuminate/Database/Eloquent/Model.php(987): Illuminate\\Database\\Eloquent\\Model->performUpdate()
#7 /home/laravel/web/syr.yummy-hunt.com/public_html/vendor/laravel/framework/src/Illuminate/Database/Eloquent/Model.php(885): Illuminate\\Database\\Eloquent\\Model->save()
#8 /home/laravel/web/syr.yummy-hunt.com/public_html/app/Http/Controllers/API/Dealont/AuthController.php(100): Illuminate\\Database\\Eloquent\\Model->update()
#9 /home/laravel/web/syr.yummy-hunt.com/public_html/vendor/laravel/framework/src/Illuminate/Routing/Controller.php(54): App\\Http\\Controllers\\API\\Dealont\\AuthController->updateprofile()
#10 /home/laravel/web/syr.yummy-hunt.com/public_html/vendor/laravel/framework/src/Illuminate/Routing/ControllerDispatcher.php(45): Illuminate\\Routing\\Controller->callAction()
#11 /home/laravel/web/syr.yummy-hunt.com/public_html/vendor/laravel/framework/src/Illuminate/Routing/Route.php(262): Illuminate\\Routing\\ControllerDispatcher->dispatch()
#12 /home/laravel/web/syr.yummy-hunt.com/public_html/vendor/laravel/framework/src/Illuminate/Routing/Route.php(205): Illuminate\\Routing\\Route->runController()
#13 /home/laravel/web/syr.yummy-hunt.com/public_html/vendor/laravel/framework/src/Illuminate/Routing/Router.php(721): Illuminate\\Routing\\Route->run()
#14 /home/laravel/web/syr.yummy-hunt.com/public_html/vendor/laravel/framework/src/Illuminate/Pipeline/Pipeline.php(128): Illuminate\\Routing\\Router->Illuminate\\Routing\\{closure}()
#15 /home/laravel/web/syr.yummy-hunt.com/public_html/vendor/laravel/framework/src/Illuminate/Routing/Middleware/SubstituteBindings.php(50): Illuminate\\Pipeline\\Pipeline->Illuminate\\Pipeline\\{closure}()
#16 /home/laravel/web/syr.yummy-hunt.com/public_html/vendor/laravel/framework/src/Illuminate/Pipeline/Pipeline.php(167): Illuminate\\Routing\\Middleware\\SubstituteBindings->handle()
#17 /home/laravel/web/syr.yummy-hunt.com/public_html/vendor/laravel/framework/src/Illuminate/Routing/Middleware/ThrottleRequests.php(127): Illuminate\\Pipeline\\Pipeline->Illuminate\\Pipeline\\{closure}()
#18 /home/laravel/web/syr.yummy-hunt.com/public_html/vendor/laravel/framework/src/Illuminate/Routing/Middleware/ThrottleRequests.php(103): Illuminate\\Routing\\Middleware\\ThrottleRequests->handleRequest()
#19 /home/laravel/web/syr.yummy-hunt.com/public_html/vendor/laravel/framework/src/Illuminate/Routing/Middleware/ThrottleRequests.php(55): Illuminate\\Routing\\Middleware\\ThrottleRequests->handleRequestUsingNamedLimiter()
#20 /home/laravel/web/syr.yummy-hunt.com/public_html/vendor/laravel/framework/src/Illuminate/Pipeline/Pipeline.php(167): Illuminate\\Routing\\Middleware\\ThrottleRequests->handle()
#21 /home/laravel/web/syr.yummy-hunt.com/public_html/vendor/laravel/framework/src/Illuminate/Auth/Middleware/Authenticate.php(44): Illuminate\\Pipeline\\Pipeline->Illuminate\\Pipeline\\{closure}()
#22 /home/laravel/web/syr.yummy-hunt.com/public_html/vendor/laravel/framework/src/Illuminate/Pipeline/Pipeline.php(167): Illuminate\\Auth\\Middleware\\Authenticate->handle()
#23 /home/laravel/web/syr.yummy-hunt.com/public_html/vendor/laravel/framework/src/Illuminate/Pipeline/Pipeline.php(103): Illuminate\\Pipeline\\Pipeline->Illuminate\\Pipeline\\{closure}()
#24 /home/laravel/web/syr.yummy-hunt.com/public_html/vendor/laravel/framework/src/Illuminate/Routing/Router.php(723): Illuminate\\Pipeline\\Pipeline->then()
#25 /home/laravel/web/syr.yummy-hunt.com/public_html/vendor/laravel/framework/src/Illuminate/Routing/Router.php(698): Illuminate\\Routing\\Router->runRouteWithinStack()
#26 /home/laravel/web/syr.yummy-hunt.com/public_html/vendor/laravel/framework/src/Illuminate/Routing/Router.php(662): Illuminate\\Routing\\Router->runRoute()
#27 /home/laravel/web/syr.yummy-hunt.com/public_html/vendor/laravel/framework/src/Illuminate/Routing/Router.php(651): Illuminate\\Routing\\Router->dispatchToRoute()
#28 /home/laravel/web/syr.yummy-hunt.com/public_html/vendor/laravel/framework/src/Illuminate/Foundation/Http/Kernel.php(167): Illuminate\\Routing\\Router->dispatch()
#29 /home/laravel/web/syr.yummy-hunt.com/public_html/vendor/laravel/framework/src/Illuminate/Pipeline/Pipeline.php(128): Illuminate\\Foundation\\Http\\Kernel->Illuminate\\Foundation\\Http\\{closure}()
#30 /home/laravel/web/syr.yummy-hunt.com/public_html/vendor/sentry/sentry-laravel/src/Sentry/Laravel/Http/SetRequestIpMiddleware.php(45): Illuminate\\Pipeline\\Pipeline->Illuminate\\Pipeline\\{closure}()
#31 /home/laravel/web/syr.yummy-hunt.com/public_html/vendor/laravel/framework/src/Illuminate/Pipeline/Pipeline.php(167): Sentry\\Laravel\\Http\\SetRequestIpMiddleware->handle()
#32 /home/laravel/web/syr.yummy-hunt.com/public_html/vendor/sentry/sentry-laravel/src/Sentry/Laravel/Http/SetRequestMiddleware.php(42): Illuminate\\Pipeline\\Pipeline->Illuminate\\Pipeline\\{closure}()
#33 /home/laravel/web/syr.yummy-hunt.com/public_html/vendor/laravel/framework/src/Illuminate/Pipeline/Pipeline.php(167): Sentry\\Laravel\\Http\\SetRequestMiddleware->handle()
#34 /home/laravel/web/syr.yummy-hunt.com/public_html/vendor/barryvdh/laravel-debugbar/src/Middleware/InjectDebugbar.php(60): Illuminate\\Pipeline\\Pipeline->Illuminate\\Pipeline\\{closure}()
#35 /home/laravel/web/syr.yummy-hunt.com/public_html/vendor/laravel/framework/src/Illuminate/Pipeline/Pipeline.php(167): Barryvdh\\Debugbar\\Middleware\\InjectDebugbar->handle()
#36 /home/laravel/web/syr.yummy-hunt.com/public_html/vendor/laravel/framework/src/Illuminate/Foundation/Http/Middleware/TransformsRequest.php(21): Illuminate\\Pipeline\\Pipeline->Illuminate\\Pipeline\\{closure}()
#37 /home/laravel/web/syr.yummy-hunt.com/public_html/vendor/laravel/framework/src/Illuminate/Foundation/Http/Middleware/ConvertEmptyStringsToNull.php(31): Illuminate\\Foundation\\Http\\Middleware\\TransformsRequest->handle()
#38 /home/laravel/web/syr.yummy-hunt.com/public_html/vendor/laravel/framework/src/Illuminate/Pipeline/Pipeline.php(167): Illuminate\\Foundation\\Http\\Middleware\\ConvertEmptyStringsToNull->handle()
#39 /home/laravel/web/syr.yummy-hunt.com/public_html/vendor/laravel/framework/src/Illuminate/Foundation/Http/Middleware/TransformsRequest.php(21): Illuminate\\Pipeline\\Pipeline->Illuminate\\Pipeline\\{closure}()
#40 /home/laravel/web/syr.yummy-hunt.com/public_html/vendor/laravel/framework/src/Illuminate/Foundation/Http/Middleware/TrimStrings.php(40): Illuminate\\Foundation\\Http\\Middleware\\TransformsRequest->handle()
#41 /home/laravel/web/syr.yummy-hunt.com/public_html/vendor/laravel/framework/src/Illuminate/Pipeline/Pipeline.php(167): Illuminate\\Foundation\\Http\\Middleware\\TrimStrings->handle()
#42 /home/laravel/web/syr.yummy-hunt.com/public_html/vendor/laravel/framework/src/Illuminate/Foundation/Http/Middleware/ValidatePostSize.php(27): Illuminate\\Pipeline\\Pipeline->Illuminate\\Pipeline\\{closure}()
#43 /home/laravel/web/syr.yummy-hunt.com/public_html/vendor/laravel/framework/src/Illuminate/Pipeline/Pipeline.php(167): Illuminate\\Foundation\\Http\\Middleware\\ValidatePostSize->handle()
#44 /home/laravel/web/syr.yummy-hunt.com/public_html/vendor/laravel/framework/src/Illuminate/Foundation/Http/Middleware/PreventRequestsDuringMaintenance.php(86): Illuminate\\Pipeline\\Pipeline->Illuminate\\Pipeline\\{closure}()
#45 /home/laravel/web/syr.yummy-hunt.com/public_html/vendor/laravel/framework/src/Illuminate/Pipeline/Pipeline.php(167): Illuminate\\Foundation\\Http\\Middleware\\PreventRequestsDuringMaintenance->handle()
#46 /home/laravel/web/syr.yummy-hunt.com/public_html/vendor/fruitcake/laravel-cors/src/HandleCors.php(52): Illuminate\\Pipeline\\Pipeline->Illuminate\\Pipeline\\{closure}()
#47 /home/laravel/web/syr.yummy-hunt.com/public_html/vendor/laravel/framework/src/Illuminate/Pipeline/Pipeline.php(167): Fruitcake\\Cors\\HandleCors->handle()
#48 /home/laravel/web/syr.yummy-hunt.com/public_html/vendor/fideloper/proxy/src/TrustProxies.php(57): Illuminate\\Pipeline\\Pipeline->Illuminate\\Pipeline\\{closure}()
#49 /home/laravel/web/syr.yummy-hunt.com/public_html/vendor/laravel/framework/src/Illuminate/Pipeline/Pipeline.php(167): Fideloper\\Proxy\\TrustProxies->handle()
#50 /home/laravel/web/syr.yummy-hunt.com/public_html/vendor/laravel/framework/src/Illuminate/Pipeline/Pipeline.php(103): Illuminate\\Pipeline\\Pipeline->Illuminate\\Pipeline\\{closure}()
#51 /home/laravel/web/syr.yummy-hunt.com/public_html/vendor/laravel/framework/src/Illuminate/Foundation/Http/Kernel.php(142): Illuminate\\Pipeline\\Pipeline->then()
#52 /home/laravel/web/syr.yummy-hunt.com/public_html/vendor/laravel/framework/src/Illuminate/Foundation/Http/Kernel.php(111): Illuminate\\Foundation\\Http\\Kernel->sendRequestThroughRouter()
#53 /home/laravel/web/syr.yummy-hunt.com/public_html/public/index.php(51): Illuminate\\Foundation\\Http\\Kernel->handle()
#54 {main}

[previous exception] [object] (Doctrine\\DBAL\\Driver\\PDO\\Exception(code: 42S22): SQLSTATE[42S22]: Column not found: 1054 Unknown column 'user_url' in 'field list' at /home/laravel/web/syr.yummy-hunt.com/public_html/vendor/doctrine/dbal/lib/Doctrine/DBAL/Driver/PDO/Exception.php:18)
[stacktrace]
#0 /home/laravel/web/syr.yummy-hunt.com/public_html/vendor/doctrine/dbal/lib/Doctrine/DBAL/Driver/PDOConnection.php(87): Doctrine\\DBAL\\Driver\\PDO\\Exception::new()
#1 /home/laravel/web/syr.yummy-hunt.com/public_html/vendor/laravel/framework/src/Illuminate/Database/Connection.php(522): Doctrine\\DBAL\\Driver\\PDOConnection->prepare()
#2 /home/laravel/web/syr.yummy-hunt.com/public_html/vendor/laravel/framework/src/Illuminate/Database/Connection.php(705): Illuminate\\Database\\Connection->Illuminate\\Database\\{closure}()
#3 /home/laravel/web/syr.yummy-hunt.com/public_html/vendor/laravel/framework/src/Illuminate/Database/Connection.php(672): Illuminate\\Database\\Connection->runQueryCallback()
#4 /home/laravel/web/syr.yummy-hunt.com/public_html/vendor/laravel/framework/src/Illuminate/Database/Connection.php(533): Illuminate\\Database\\Connection->run()
#5 /home/laravel/web/syr.yummy-hunt.com/public_html/vendor/laravel/framework/src/Illuminate/Database/Connection.php(466): Illuminate\\Database\\Connection->affectingStatement()
#6 /home/laravel/web/syr.yummy-hunt.com/public_html/vendor/laravel/framework/src/Illuminate/Database/Query/Builder.php(3063): Illuminate\\Database\\Connection->update()
#7 /home/laravel/web/syr.yummy-hunt.com/public_html/vendor/laravel/framework/src/Illuminate/Database/Eloquent/Builder.php(919): Illuminate\\Database\\Query\\Builder->update()
#8 /home/laravel/web/syr.yummy-hunt.com/public_html/vendor/laravel/framework/src/Illuminate/Database/Eloquent/Model.php(1072): Illuminate\\Database\\Eloquent\\Builder->update()
#9 /home/laravel/web/syr.yummy-hunt.com/public_html/vendor/laravel/framework/src/Illuminate/Database/Eloquent/Model.php(987): Illuminate\\Database\\Eloquent\\Model->performUpdate()
#10 /home/laravel/web/syr.yummy-hunt.com/public_html/vendor/laravel/framework/src/Illuminate/Database/Eloquent/Model.php(885): Illuminate\\Database\\Eloquent\\Model->save()
#11 /home/laravel/web/syr.yummy-hunt.com/public_html/app/Http/Controllers/API/Dealont/AuthController.php(100): Illuminate\\Database\\Eloquent\\Model->update()
#12 /home/laravel/web/syr.yummy-hunt.com/public_html/vendor/laravel/framework/src/Illuminate/Routing/Controller.php(54): App\\Http\\Controllers\\API\\Dealont\\AuthController->updateprofile()
#13 /home/laravel/web/syr.yummy-hunt.com/public_html/vendor/laravel/framework/src/Illuminate/Routing/ControllerDispatcher.php(45): Illuminate\\Routing\\Controller->callAction()
#14 /home/laravel/web/syr.yummy-hunt.com/public_html/vendor/laravel/framework/src/Illuminate/Routing/Route.php(262): Illuminate\\Routing\\ControllerDispatcher->dispatch()
#15 /home/laravel/web/syr.yummy-hunt.com/public_html/vendor/laravel/framework/src/Illuminate/Routing/Route.php(205): Illuminate\\Routing\\Route->runController()
#16 /home/laravel/web/syr.yummy-hunt.com/public_html/vendor/laravel/framework/src/Illuminate/Routing/Router.php(721): Illuminate\\Routing\\Route->run()
#17 /home/laravel/web/syr.yummy-hunt.com/public_html/vendor/laravel/framework/src/Illuminate/Pipeline/Pipeline.php(128): Illuminate\\Routing\\Router->Illuminate\\Routing\\{closure}()
#18 /home/laravel/web/syr.yummy-hunt.com/public_html/vendor/laravel/framework/src/Illuminate/Routing/Middleware/SubstituteBindings.php(50): Illuminate\\Pipeline\\Pipeline->Illuminate\\Pipeline\\{closure}()
#19 /home/laravel/web/syr.yummy-hunt.com/public_html/vendor/laravel/framework/src/Illuminate/Pipeline/Pipeline.php(167): Illuminate\\Routing\\Middleware\\SubstituteBindings->handle()
#20 /home/laravel/web/syr.yummy-hunt.com/public_html/vendor/laravel/framework/src/Illuminate/Routing/Middleware/ThrottleRequests.php(127): Illuminate\\Pipeline\\Pipeline->Illuminate\\Pipeline\\{closure}()
#21 /home/laravel/web/syr.yummy-hunt.com/public_html/vendor/laravel/framework/src/Illuminate/Routing/Middleware/ThrottleRequests.php(103): Illuminate\\Routing\\Middleware\\ThrottleRequests->handleRequest()
#22 /home/laravel/web/syr.yummy-hunt.com/public_html/vendor/laravel/framework/src/Illuminate/Routing/Middleware/ThrottleRequests.php(55): Illuminate\\Routing\\Middleware\\ThrottleRequests->handleRequestUsingNamedLimiter()
#23 /home/laravel/web/syr.yummy-hunt.com/public_html/vendor/laravel/framework/src/Illuminate/Pipeline/Pipeline.php(167): Illuminate\\Routing\\Middleware\\ThrottleRequests->handle()
#24 /home/laravel/web/syr.yummy-hunt.com/public_html/vendor/laravel/framework/src/Illuminate/Auth/Middleware/Authenticate.php(44): Illuminate\\Pipeline\\Pipeline->Illuminate\\Pipeline\\{closure}()
#25 /home/laravel/web/syr.yummy-hunt.com/public_html/vendor/laravel/framework/src/Illuminate/Pipeline/Pipeline.php(167): Illuminate\\Auth\\Middleware\\Authenticate->handle()
#26 /home/laravel/web/syr.yummy-hunt.com/public_html/vendor/laravel/framework/src/Illuminate/Pipeline/Pipeline.php(103): Illuminate\\Pipeline\\Pipeline->Illuminate\\Pipeline\\{closure}()
#27 /home/laravel/web/syr.yummy-hunt.com/public_html/vendor/laravel/framework/src/Illuminate/Routing/Router.php(723): Illuminate\\Pipeline\\Pipeline->then()
#28 /home/laravel/web/syr.yummy-hunt.com/public_html/vendor/laravel/framework/src/Illuminate/Routing/Router.php(698): Illuminate\\Routing\\Router->runRouteWithinStack()
#29 /home/laravel/web/syr.yummy-hunt.com/public_html/vendor/laravel/framework/src/Illuminate/Routing/Router.php(662): Illuminate\\Routing\\Router->runRoute()
#30 /home/laravel/web/syr.yummy-hunt.com/public_html/vendor/laravel/framework/src/Illuminate/Routing/Router.php(651): Illuminate\\Routing\\Router->dispatchToRoute()
#31 /home/laravel/web/syr.yummy-hunt.com/public_html/vendor/laravel/framework/src/Illuminate/Foundation/Http/Kernel.php(167): Illuminate\\Routing\\Router->dispatch()
#32 /home/laravel/web/syr.yummy-hunt.com/public_html/vendor/laravel/framework/src/Illuminate/Pipeline/Pipeline.php(128): Illuminate\\Foundation\\Http\\Kernel->Illuminate\\Foundation\\Http\\{closure}()
#33 /home/laravel/web/syr.yummy-hunt.com/public_html/vendor/sentry/sentry-laravel/src/Sentry/Laravel/Http/SetRequestIpMiddleware.php(45): Illuminate\\Pipeline\\Pipeline->Illuminate\\Pipeline\\{closure}()
#34 /home/laravel/web/syr.yummy-hunt.com/public_html/vendor/laravel/framework/src/Illuminate/Pipeline/Pipeline.php(167): Sentry\\Laravel\\Http\\SetRequestIpMiddleware->handle()
#35 /home/laravel/web/syr.yummy-hunt.com/public_html/vendor/sentry/sentry-laravel/src/Sentry/Laravel/Http/SetRequestMiddleware.php(42): Illuminate\\Pipeline\\Pipeline->Illuminate\\Pipeline\\{closure}()
#36 /home/laravel/web/syr.yummy-hunt.com/public_html/vendor/laravel/framework/src/Illuminate/Pipeline/Pipeline.php(167): Sentry\\Laravel\\Http\\SetRequestMiddleware->handle()
#37 /home/laravel/web/syr.yummy-hunt.com/public_html/vendor/barryvdh/laravel-debugbar/src/Middleware/InjectDebugbar.php(60): Illuminate\\Pipeline\\Pipeline->Illuminate\\Pipeline\\{closure}()
#38 /home/laravel/web/syr.yummy-hunt.com/public_html/vendor/laravel/framework/src/Illuminate/Pipeline/Pipeline.php(167): Barryvdh\\Debugbar\\Middleware\\InjectDebugbar->handle()
#39 /home/laravel/web/syr.yummy-hunt.com/public_html/vendor/laravel/framework/src/Illuminate/Foundation/Http/Middleware/TransformsRequest.php(21): Illuminate\\Pipeline\\Pipeline->Illuminate\\Pipeline\\{closure}()
#40 /home/laravel/web/syr.yummy-hunt.com/public_html/vendor/laravel/framework/src/Illuminate/Foundation/Http/Middleware/ConvertEmptyStringsToNull.php(31): Illuminate\\Foundation\\Http\\Middleware\\TransformsRequest->handle()
#41 /home/laravel/web/syr.yummy-hunt.com/public_html/vendor/laravel/framework/src/Illuminate/Pipeline/Pipeline.php(167): Illuminate\\Foundation\\Http\\Middleware\\ConvertEmptyStringsToNull->handle()
#42 /home/laravel/web/syr.yummy-hunt.com/public_html/vendor/laravel/framework/src/Illuminate/Foundation/Http/Middleware/TransformsRequest.php(21): Illuminate\\Pipeline\\Pipeline->Illuminate\\Pipeline\\{closure}()
#43 /home/laravel/web/syr.yummy-hunt.com/public_html/vendor/laravel/framework/src/Illuminate/Foundation/Http/Middleware/TrimStrings.php(40): Illuminate\\Foundation\\Http\\Middleware\\TransformsRequest->handle()
#44 /home/laravel/web/syr.yummy-hunt.com/public_html/vendor/laravel/framework/src/Illuminate/Pipeline/Pipeline.php(167): Illuminate\\Foundation\\Http\\Middleware\\TrimStrings->handle()
#45 /home/laravel/web/syr.yummy-hunt.com/public_html/vendor/laravel/framework/src/Illuminate/Foundation/Http/Middleware/ValidatePostSize.php(27): Illuminate\\Pipeline\\Pipeline->Illuminate\\Pipeline\\{closure}()
#46 /home/laravel/web/syr.yummy-hunt.com/public_html/vendor/laravel/framework/src/Illuminate/Pipeline/Pipeline.php(167): Illuminate\\Foundation\\Http\\Middleware\\ValidatePostSize->handle()
#47 /home/laravel/web/syr.yummy-hunt.com/public_html/vendor/laravel/framework/src/Illuminate/Foundation/Http/Middleware/PreventRequestsDuringMaintenance.php(86): Illuminate\\Pipeline\\Pipeline->Illuminate\\Pipeline\\{closure}()
#48 /home/laravel/web/syr.yummy-hunt.com/public_html/vendor/laravel/framework/src/Illuminate/Pipeline/Pipeline.php(167): Illuminate\\Foundation\\Http\\Middleware\\PreventRequestsDuringMaintenance->handle()
#49 /home/laravel/web/syr.yummy-hunt.com/public_html/vendor/fruitcake/laravel-cors/src/HandleCors.php(52): Illuminate\\Pipeline\\Pipeline->Illuminate\\Pipeline\\{closure}()
#50 /home/laravel/web/syr.yummy-hunt.com/public_html/vendor/laravel/framework/src/Illuminate/Pipeline/Pipeline.php(167): Fruitcake\\Cors\\HandleCors->handle()
#51 /home/laravel/web/syr.yummy-hunt.com/public_html/vendor/fideloper/proxy/src/TrustProxies.php(57): Illuminate\\Pipeline\\Pipeline->Illuminate\\Pipeline\\{closure}()
#52 /home/laravel/web/syr.yummy-hunt.com/public_html/vendor/laravel/framework/src/Illuminate/Pipeline/Pipeline.php(167): Fideloper\\Proxy\\TrustProxies->handle()
#53 /home/laravel/web/syr.yummy-hunt.com/public_html/vendor/laravel/framework/src/Illuminate/Pipeline/Pipeline.php(103): Illuminate\\Pipeline\\Pipeline->Illuminate\\Pipeline\\{closure}()
#54 /home/laravel/web/syr.yummy-hunt.com/public_html/vendor/laravel/framework/src/Illuminate/Foundation/Http/Kernel.php(142): Illuminate\\Pipeline\\Pipeline->then()
#55 /home/laravel/web/syr.yummy-hunt.com/public_html/vendor/laravel/framework/src/Illuminate/Foundation/Http/Kernel.php(111): Illuminate\\Foundation\\Http\\Kernel->sendRequestThroughRouter()
#56 /home/laravel/web/syr.yummy-hunt.com/public_html/public/index.php(51): Illuminate\\Foundation\\Http\\Kernel->handle()
#57 {main}

[previous exception] [object] (PDOException(code: 42S22): SQLSTATE[42S22]: Column not found: 1054 Unknown column 'user_url' in 'field list' at /home/laravel/web/syr.yummy-hunt.com/public_html/vendor/doctrine/dbal/lib/Doctrine/DBAL/Driver/PDOConnection.php:82)
[stacktrace]
#0 /home/laravel/web/syr.yummy-hunt.com/public_html/vendor/doctrine/dbal/lib/Doctrine/DBAL/Driver/PDOConnection.php(82): PDO->prepare()
#1 /home/laravel/web/syr.yummy-hunt.com/public_html/vendor/laravel/framework/src/Illuminate/Database/Connection.php(522): Doctrine\\DBAL\\Driver\\PDOConnection->prepare()
#2 /home/laravel/web/syr.yummy-hunt.com/public_html/vendor/laravel/framework/src/Illuminate/Database/Connection.php(705): Illuminate\\Database\\Connection->Illuminate\\Database\\{closure}()
#3 /home/laravel/web/syr.yummy-hunt.com/public_html/vendor/laravel/framework/src/Illuminate/Database/Connection.php(672): Illuminate\\Database\\Connection->runQueryCallback()
#4 /home/laravel/web/syr.yummy-hunt.com/public_html/vendor/laravel/framework/src/Illuminate/Database/Connection.php(533): Illuminate\\Database\\Connection->run()
#5 /home/laravel/web/syr.yummy-hunt.com/public_html/vendor/laravel/framework/src/Illuminate/Database/Connection.php(466): Illuminate\\Database\\Connection->affectingStatement()
#6 /home/laravel/web/syr.yummy-hunt.com/public_html/vendor/laravel/framework/src/Illuminate/Database/Query/Builder.php(3063): Illuminate\\Database\\Connection->update()
#7 /home/laravel/web/syr.yummy-hunt.com/public_html/vendor/laravel/framework/src/Illuminate/Database/Eloquent/Builder.php(919): Illuminate\\Database\\Query\\Builder->update()
#8 /home/laravel/web/syr.yummy-hunt.com/public_html/vendor/laravel/framework/src/Illuminate/Database/Eloquent/Model.php(1072): Illuminate\\Database\\Eloquent\\Builder->update()
#9 /home/laravel/web/syr.yummy-hunt.com/public_html/vendor/laravel/framework/src/Illuminate/Database/Eloquent/Model.php(987): Illuminate\\Database\\Eloquent\\Model->performUpdate()
#10 /home/laravel/web/syr.yummy-hunt.com/public_html/vendor/laravel/framework/src/Illuminate/Database/Eloquent/Model.php(885): Illuminate\\Database\\Eloquent\\Model->save()
#11 /home/laravel/web/syr.yummy-hunt.com/public_html/app/Http/Controllers/API/Dealont/AuthController.php(100): Illuminate\\Database\\Eloquent\\Model->update()
#12 /home/laravel/web/syr.yummy-hunt.com/public_html/vendor/laravel/framework/src/Illuminate/Routing/Controller.php(54): App\\Http\\Controllers\\API\\Dealont\\AuthController->updateprofile()
#13 /home/laravel/web/syr.yummy-hunt.com/public_html/vendor/laravel/framework/src/Illuminate/Routing/ControllerDispatcher.php(45): Illuminate\\Routing\\Controller->callAction()
#14 /home/laravel/web/syr.yummy-hunt.com/public_html/vendor/laravel/framework/src/Illuminate/Routing/Route.php(262): Illuminate\\Routing\\ControllerDispatcher->dispatch()
#15 /home/laravel/web/syr.yummy-hunt.com/public_html/vendor/laravel/framework/src/Illuminate/Routing/Route.php(205): Illuminate\\Routing\\Route->runController()
#16 /home/laravel/web/syr.yummy-hunt.com/public_html/vendor/laravel/framework/src/Illuminate/Routing/Router.php(721): Illuminate\\Routing\\Route->run()
#17 /home/laravel/web/syr.yummy-hunt.com/public_html/vendor/laravel/framework/src/Illuminate/Pipeline/Pipeline.php(128): Illuminate\\Routing\\Router->Illuminate\\Routing\\{closure}()
#18 /home/laravel/web/syr.yummy-hunt.com/public_html/vendor/laravel/framework/src/Illuminate/Routing/Middleware/SubstituteBindings.php(50): Illuminate\\Pipeline\\Pipeline->Illuminate\\Pipeline\\{closure}()
#19 /home/laravel/web/syr.yummy-hunt.com/public_html/vendor/laravel/framework/src/Illuminate/Pipeline/Pipeline.php(167): Illuminate\\Routing\\Middleware\\SubstituteBindings->handle()
#20 /home/laravel/web/syr.yummy-hunt.com/public_html/vendor/laravel/framework/src/Illuminate/Routing/Middleware/ThrottleRequests.php(127): Illuminate\\Pipeline\\Pipeline->Illuminate\\Pipeline\\{closure}()
#21 /home/laravel/web/syr.yummy-hunt.com/public_html/vendor/laravel/framework/src/Illuminate/Routing/Middleware/ThrottleRequests.php(103): Illuminate\\Routing\\Middleware\\ThrottleRequests->handleRequest()
#22 /home/laravel/web/syr.yummy-hunt.com/public_html/vendor/laravel/framework/src/Illuminate/Routing/Middleware/ThrottleRequests.php(55): Illuminate\\Routing\\Middleware\\ThrottleRequests->handleRequestUsingNamedLimiter()
#23 /home/laravel/web/syr.yummy-hunt.com/public_html/vendor/laravel/framework/src/Illuminate/Pipeline/Pipeline.php(167): Illuminate\\Routing\\Middleware\\ThrottleRequests->handle()
#24 /home/laravel/web/syr.yummy-hunt.com/public_html/vendor/laravel/framework/src/Illuminate/Auth/Middleware/Authenticate.php(44): Illuminate\\Pipeline\\Pipeline->Illuminate\\Pipeline\\{closure}()
#25 /home/laravel/web/syr.yummy-hunt.com/public_html/vendor/laravel/framework/src/Illuminate/Pipeline/Pipeline.php(167): Illuminate\\Auth\\Middleware\\Authenticate->handle()
#26 /home/laravel/web/syr.yummy-hunt.com/public_html/vendor/laravel/framework/src/Illuminate/Pipeline/Pipeline.php(103): Illuminate\\Pipeline\\Pipeline->Illuminate\\Pipeline\\{closure}()
#27 /home/laravel/web/syr.yummy-hunt.com/public_html/vendor/laravel/framework/src/Illuminate/Routing/Router.php(723): Illuminate\\Pipeline\\Pipeline->then()
#28 /home/laravel/web/syr.yummy-hunt.com/public_html/vendor/laravel/framework/src/Illuminate/Routing/Router.php(698): Illuminate\\Routing\\Router->runRouteWithinStack()
#29 /home/laravel/web/syr.yummy-hunt.com/public_html/vendor/laravel/framework/src/Illuminate/Routing/Router.php(662): Illuminate\\Routing\\Router->runRoute()
#30 /home/laravel/web/syr.yummy-hunt.com/public_html/vendor/laravel/framework/src/Illuminate/Routing/Router.php(651): Illuminate\\Routing\\Router->dispatchToRoute()
#31 /home/laravel/web/syr.yummy-hunt.com/public_html/vendor/laravel/framework/src/Illuminate/Foundation/Http/Kernel.php(167): Illuminate\\Routing\\Router->dispatch()
#32 /home/laravel/web/syr.yummy-hunt.com/public_html/vendor/laravel/framework/src/Illuminate/Pipeline/Pipeline.php(128): Illuminate\\Foundation\\Http\\Kernel->Illuminate\\Foundation\\Http\\{closure}()
#33 /home/laravel/web/syr.yummy-hunt.com/public_html/vendor/sentry/sentry-laravel/src/Sentry/Laravel/Http/SetRequestIpMiddleware.php(45): Illuminate\\Pipeline\\Pipeline->Illuminate\\Pipeline\\{closure}()
#34 /home/laravel/web/syr.yummy-hunt.com/public_html/vendor/laravel/framework/src/Illuminate/Pipeline/Pipeline.php(167): Sentry\\Laravel\\Http\\SetRequestIpMiddleware->handle()
#35 /home/laravel/web/syr.yummy-hunt.com/public_html/vendor/sentry/sentry-laravel/src/Sentry/Laravel/Http/SetRequestMiddleware.php(42): Illuminate\\Pipeline\\Pipeline->Illuminate\\Pipeline\\{closure}()
#36 /home/laravel/web/syr.yummy-hunt.com/public_html/vendor/laravel/framework/src/Illuminate/Pipeline/Pipeline.php(167): Sentry\\Laravel\\Http\\SetRequestMiddleware->handle()
#37 /home/laravel/web/syr.yummy-hunt.com/public_html/vendor/barryvdh/laravel-debugbar/src/Middleware/InjectDebugbar.php(60): Illuminate\\Pipeline\\Pipeline->Illuminate\\Pipeline\\{closure}()
#38 /home/laravel/web/syr.yummy-hunt.com/public_html/vendor/laravel/framework/src/Illuminate/Pipeline/Pipeline.php(167): Barryvdh\\Debugbar\\Middleware\\InjectDebugbar->handle()
#39 /home/laravel/web/syr.yummy-hunt.com/public_html/vendor/laravel/framework/src/Illuminate/Foundation/Http/Middleware/TransformsRequest.php(21): Illuminate\\Pipeline\\Pipeline->Illuminate\\Pipeline\\{closure}()
#40 /home/laravel/web/syr.yummy-hunt.com/public_html/vendor/laravel/framework/src/Illuminate/Foundation/Http/Middleware/ConvertEmptyStringsToNull.php(31): Illuminate\\Foundation\\Http\\Middleware\\TransformsRequest->handle()
#41 /home/laravel/web/syr.yummy-hunt.com/public_html/vendor/laravel/framework/src/Illuminate/Pipeline/Pipeline.php(167): Illuminate\\Foundation\\Http\\Middleware\\ConvertEmptyStringsToNull->handle()
#42 /home/laravel/web/syr.yummy-hunt.com/public_html/vendor/laravel/framework/src/Illuminate/Foundation/Http/Middleware/TransformsRequest.php(21): Illuminate\\Pipeline\\Pipeline->Illuminate\\Pipeline\\{closure}()
#43 /home/laravel/web/syr.yummy-hunt.com/public_html/vendor/laravel/framework/src/Illuminate/Foundation/Http/Middleware/TrimStrings.php(40): Illuminate\\Foundation\\Http\\Middleware\\TransformsRequest->handle()
#44 /home/laravel/web/syr.yummy-hunt.com/public_html/vendor/laravel/framework/src/Illuminate/Pipeline/Pipeline.php(167): Illuminate\\Foundation\\Http\\Middleware\\TrimStrings->handle()
#45 /home/laravel/web/syr.yummy-hunt.com/public_html/vendor/laravel/framework/src/Illuminate/Foundation/Http/Middleware/ValidatePostSize.php(27): Illuminate\\Pipeline\\Pipeline->Illuminate\\Pipeline\\{closure}()
#46 /home/laravel/web/syr.yummy-hunt.com/public_html/vendor/laravel/framework/src/Illuminate/Pipeline/Pipeline.php(167): Illuminate\\Foundation\\Http\\Middleware\\ValidatePostSize->handle()
#47 /home/laravel/web/syr.yummy-hunt.com/public_html/vendor/laravel/framework/src/Illuminate/Foundation/Http/Middleware/PreventRequestsDuringMaintenance.php(86): Illuminate\\Pipeline\\Pipeline->Illuminate\\Pipeline\\{closure}()
#48 /home/laravel/web/syr.yummy-hunt.com/public_html/vendor/laravel/framework/src/Illuminate/Pipeline/Pipeline.php(167): Illuminate\\Foundation\\Http\\Middleware\\PreventRequestsDuringMaintenance->handle()
#49 /home/laravel/web/syr.yummy-hunt.com/public_html/vendor/fruitcake/laravel-cors/src/HandleCors.php(52): Illuminate\\Pipeline\\Pipeline->Illuminate\\Pipeline\\{closure}()
#50 /home/laravel/web/syr.yummy-hunt.com/public_html/vendor/laravel/framework/src/Illuminate/Pipeline/Pipeline.php(167): Fruitcake\\Cors\\HandleCors->handle()
#51 /home/laravel/web/syr.yummy-hunt.com/public_html/vendor/fideloper/proxy/src/TrustProxies.php(57): Illuminate\\Pipeline\\Pipeline->Illuminate\\Pipeline\\{closure}()
#52 /home/laravel/web/syr.yummy-hunt.com/public_html/vendor/laravel/framework/src/Illuminate/Pipeline/Pipeline.php(167): Fideloper\\Proxy\\TrustProxies->handle()
#53 /home/laravel/web/syr.yummy-hunt.com/public_html/vendor/laravel/framework/src/Illuminate/Pipeline/Pipeline.php(103): Illuminate\\Pipeline\\Pipeline->Illuminate\\Pipeline\\{closure}()
#54 /home/laravel/web/syr.yummy-hunt.com/public_html/vendor/laravel/framework/src/Illuminate/Foundation/Http/Kernel.php(142): Illuminate\\Pipeline\\Pipeline->then()
#55 /home/laravel/web/syr.yummy-hunt.com/public_html/vendor/laravel/framework/src/Illuminate/Foundation/Http/Kernel.php(111): Illuminate\\Foundation\\Http\\Kernel->sendRequestThroughRouter()
#56 /home/laravel/web/syr.yummy-hunt.com/public_html/public/index.php(51): Illuminate\\Foundation\\Http\\Kernel->handle()
#57 {main}
"} 
[2022-02-16 20:54:05] prodcution.ALERT: array (
  0 => '7',
)  
[2022-02-16 20:54:38] prodcution.ALERT: array (
  0 => '7',
)  
[2022-02-16 20:54:41] prodcution.ALERT: array (
  0 => '7',
)  
[2022-02-16 20:54:46] prodcution.ALERT: array (
  0 => '7',
)  
[2022-02-16 21:22:42] prodcution.ALERT: array (
  0 => '7',
)  
[2022-02-16 21:27:48] prodcution.ALERT: array (
  0 => '7',
)  
[2022-02-16 21:38:59] prodcution.ALERT: array (
  0 => '7',
)  
