[2022-03-09 16:54:28] prodcution.INFO: Broadcasting [neworder-event] on channels [user.2] with payload:
{
    "order": {
        "id": 831,
        "created_at": "2022-03-09T12:54:26.000000Z",
        "updated_at": "2022-03-09T12:54:27.000000Z",
        "address_id": null,
        "client_id": null,
        "restorant_id": 2,
        "driver_id": null,
        "delivery_price": 0,
        "order_price": 17.98,
        "payment_method": null,
        "payment_status": "unpaid",
        "comment": " order to restaurant 2 3\/9\/2022 2:53",
        "lat": null,
        "lng": null,
        "srtipe_payment_id": null,
        "fee": 0,
        "fee_value": "0.0000",
        "static_fee": 0,
        "delivery_method": 2,
        "delivery_pickup_interval": "",
        "vatvalue": 7.5600000000000005,
        "payment_processor_fee": 0,
        "time_to_prepare": null,
        "table_id": null,
        "phone": null,
        "whatsapp_address": null,
        "order_type": "O",
        "payment_link": "",
        "restorant": {
            "id": 2,
            "created_at": "2021-02-16T16:00:07.000000Z",
            "updated_at": "2021-02-16T16:00:07.000000Z",
            "name": "Oasis Burgers",
            "subdomain": "oasisburgers",
            "logo": "https:\/\/foodtiger.mobidonia.com\/uploads\/restorants\/c8d27bcc-54da-4c18-b8e6-f1414c71612c",
            "cover": "",
            "active": 1,
            "user_id": 2,
            "restaurant_category_id": null,
            "lat": "25.588894",
            "lng": "55.939175",
            "address": "6 Yukon Drive Raeford, NC 28376",
            "phone": "+971503780636",
            "minimum": "10",
            "description": "burgers, drinks, best chicken",
            "fee": 0,
            "static_fee": 0,
            "radius": [
                {
                    "lat": 40.61811135844185,
                    "lng": -74.04154967363282
                },
                {
                    "lat": 40.593088644275994,
                    "lng": -74.00447081621094
                },
                {
                    "lat": 40.57483700944677,
                    "lng": -74.01271056230469
                },
                {
                    "lat": 40.57222922648421,
                    "lng": -73.94816588457032
                },
                {
                    "lat": 40.58318123192112,
                    "lng": -73.87812804277344
                },
                {
                    "lat": 40.620196161732025,
                    "lng": -73.89117430742188
                },
                {
                    "lat": 40.64520872605633,
                    "lng": -73.85340880449219
                },
                {
                    "lat": 40.71862893820799,
                    "lng": -73.96327208574219
                },
                {
                    "lat": 40.680627151592745,
                    "lng": -74.01957701738282
                },
                {
                    "lat": 40.66552453494284,
                    "lng": -74.00447081621094
                }
            ],
            "is_featured": 0,
            "city_id": 2,
            "views": 0,
            "can_pickup": 1,
            "can_deliver": 1,
            "self_deliver": 0,
            "free_deliver": 0,
            "whatsapp_phone": "+971566704673",
            "fb_username": null,
            "do_covertion": 1,
            "currency": "",
            "payment_info": "We accept Cash On Deliver and direct payments. DEMO PAYMENT",
            "mollie_payment_key": "test_W7vgVS4bUTVarzBm39wjUk7SRV3Aek",
            "alias": "oasisburgers",
            "logom": "https:\/\/foodtiger.mobidonia.com\/uploads\/restorants\/c8d27bcc-54da-4c18-b8e6-f1414c71612c_large.jpg",
            "icon": "https:\/\/foodtiger.mobidonia.com\/uploads\/restorants\/c8d27bcc-54da-4c18-b8e6-f1414c71612c_thumbnail.jpg",
            "coverm": "\/default\/cover.jpg",
            "user": {
                "id": 2,
                "google_id": null,
                "fb_id": null,
                "name": "Demo Owner",
                "email": "owner@example.com",
                "email_verified_at": "2021-02-16T16:00:05.000000Z",
                "phone": "",
                "created_at": "2021-02-16T16:00:05.000000Z",
                "updated_at": "2021-02-16T16:00:05.000000Z",
                "active": 1,
                "stripe_id": null,
                "card_brand": null,
                "card_last_four": null,
                "trial_ends_at": null,
                "verification_code": null,
                "phone_verified_at": null,
                "plan_id": 2,
                "plan_status": "",
                "cancel_url": "",
                "update_url": "",
                "checkout_id": "",
                "subscription_plan_id": "",
                "stripe_account": "",
                "birth_date": "",
                "lat": null,
                "lng": null,
                "working": 1,
                "onorder": null,
                "numorders": 0,
                "rejectedorders": 0,
                "paypal_subscribtion_id": null,
                "mollie_customer_id": null,
                "mollie_mandate_id": null,
                "tax_percentage": "0.0000",
                "extra_billing_information": null,
                "mollie_subscribtion_id": null,
                "paystack_subscribtion_id": null,
                "paystack_trans_id": null
            }
        }
    },
    "msg": "You have new order with ID",
    "socket": null
}  
[2022-03-09 17:00:00] prodcution.INFO: Broadcasting [neworder-event] on channels [user.2] with payload:
{
    "order": {
        "id": 832,
        "created_at": "2022-03-09T13:00:00.000000Z",
        "updated_at": "2022-03-09T13:00:00.000000Z",
        "address_id": null,
        "client_id": null,
        "restorant_id": 2,
        "driver_id": null,
        "delivery_price": 0,
        "order_price": 17.98,
        "payment_method": null,
        "payment_status": "unpaid",
        "comment": " order to restaurant 2 3\/9\/2022 2:53",
        "lat": null,
        "lng": null,
        "srtipe_payment_id": null,
        "fee": 0,
        "fee_value": "0.0000",
        "static_fee": 0,
        "delivery_method": 2,
        "delivery_pickup_interval": "",
        "vatvalue": 7.5600000000000005,
        "payment_processor_fee": 0,
        "time_to_prepare": null,
        "table_id": null,
        "phone": null,
        "whatsapp_address": null,
        "order_type": "O",
        "payment_link": "",
        "restorant": {
            "id": 2,
            "created_at": "2021-02-16T16:00:07.000000Z",
            "updated_at": "2021-02-16T16:00:07.000000Z",
            "name": "Oasis Burgers",
            "subdomain": "oasisburgers",
            "logo": "https:\/\/foodtiger.mobidonia.com\/uploads\/restorants\/c8d27bcc-54da-4c18-b8e6-f1414c71612c",
            "cover": "",
            "active": 1,
            "user_id": 2,
            "restaurant_category_id": null,
            "lat": "25.588894",
            "lng": "55.939175",
            "address": "6 Yukon Drive Raeford, NC 28376",
            "phone": "+971503780636",
            "minimum": "10",
            "description": "burgers, drinks, best chicken",
            "fee": 0,
            "static_fee": 0,
            "radius": [
                {
                    "lat": 40.61811135844185,
                    "lng": -74.04154967363282
                },
                {
                    "lat": 40.593088644275994,
                    "lng": -74.00447081621094
                },
                {
                    "lat": 40.57483700944677,
                    "lng": -74.01271056230469
                },
                {
                    "lat": 40.57222922648421,
                    "lng": -73.94816588457032
                },
                {
                    "lat": 40.58318123192112,
                    "lng": -73.87812804277344
                },
                {
                    "lat": 40.620196161732025,
                    "lng": -73.89117430742188
                },
                {
                    "lat": 40.64520872605633,
                    "lng": -73.85340880449219
                },
                {
                    "lat": 40.71862893820799,
                    "lng": -73.96327208574219
                },
                {
                    "lat": 40.680627151592745,
                    "lng": -74.01957701738282
                },
                {
                    "lat": 40.66552453494284,
                    "lng": -74.00447081621094
                }
            ],
            "is_featured": 0,
            "city_id": 2,
            "views": 0,
            "can_pickup": 1,
            "can_deliver": 1,
            "self_deliver": 0,
            "free_deliver": 0,
            "whatsapp_phone": "+971566704673",
            "fb_username": null,
            "do_covertion": 1,
            "currency": "",
            "payment_info": "We accept Cash On Deliver and direct payments. DEMO PAYMENT",
            "mollie_payment_key": "test_W7vgVS4bUTVarzBm39wjUk7SRV3Aek",
            "alias": "oasisburgers",
            "logom": "https:\/\/foodtiger.mobidonia.com\/uploads\/restorants\/c8d27bcc-54da-4c18-b8e6-f1414c71612c_large.jpg",
            "icon": "https:\/\/foodtiger.mobidonia.com\/uploads\/restorants\/c8d27bcc-54da-4c18-b8e6-f1414c71612c_thumbnail.jpg",
            "coverm": "\/default\/cover.jpg",
            "user": {
                "id": 2,
                "google_id": null,
                "fb_id": null,
                "name": "Demo Owner",
                "email": "owner@example.com",
                "email_verified_at": "2021-02-16T16:00:05.000000Z",
                "phone": "",
                "created_at": "2021-02-16T16:00:05.000000Z",
                "updated_at": "2021-02-16T16:00:05.000000Z",
                "active": 1,
                "stripe_id": null,
                "card_brand": null,
                "card_last_four": null,
                "trial_ends_at": null,
                "verification_code": null,
                "phone_verified_at": null,
                "plan_id": 2,
                "plan_status": "",
                "cancel_url": "",
                "update_url": "",
                "checkout_id": "",
                "subscription_plan_id": "",
                "stripe_account": "",
                "birth_date": "",
                "lat": null,
                "lng": null,
                "working": 1,
                "onorder": null,
                "numorders": 0,
                "rejectedorders": 0,
                "paypal_subscribtion_id": null,
                "mollie_customer_id": null,
                "mollie_mandate_id": null,
                "tax_percentage": "0.0000",
                "extra_billing_information": null,
                "mollie_subscribtion_id": null,
                "paystack_subscribtion_id": null,
                "paystack_trans_id": null
            }
        }
    },
    "msg": "You have new order with ID",
    "socket": null
}  
