[2022-02-08 03:27:41] prodcution.ERROR: During inheritance of IteratorAggregate: Uncaught ErrorException: Return type of Symfony\Component\HttpFoundation\ParameterBag::getIterator() should either be compatible with IteratorAggregate::getIterator(): Traversable, or the #[\ReturnTypeWillChange] attribute should be used to temporarily suppress the notice in /home/laravel/web/syr.yummy-hunt.com/public_html/vendor/symfony/http-foundation/ParameterBag.php:210
Stack trace:
#0 /home/laravel/web/syr.yummy-hunt.com/public_html/vendor/symfony/http-foundation/ParameterBag.php(21): Illuminate\Foundation\Bootstrap\HandleExceptions->handleError()
#1 /home/laravel/web/syr.yummy-hunt.com/public_html/vendor/composer/ClassLoader.php(444): include('...')
#2 /home/laravel/web/syr.yummy-hunt.com/public_html/vendor/composer/ClassLoader.php(322): Composer\Autoload\includeFile()
#3 /home/laravel/web/syr.yummy-hunt.com/public_html/vendor/symfony/http-foundation/FileBag.php(22): Composer\Autoload\ClassLoader->loadClass()
#4 /home/laravel/web/syr.yummy-hunt.com/public_html/vendor/composer/ClassLoader.php(444): include('...')
#5 /home/laravel/web/syr.yummy-hunt.com/public_html/vendor/composer/ClassLoader.php(322): Composer\Autoload\includeFile()
#6 [internal function]: Composer\Autoload\ClassLoader->loadClass()
#7 /home/laravel/web/syr.yummy-hunt.com/public_html/vendor/symfony/http-foundation/Request.php(21): class_exists()
#8 /home/laravel/web/syr.yummy-hunt.com/public_html/vendor/composer/ClassLoader.php(444): include('...')
#9 /home/laravel/web/syr.yummy-hunt.com/public_html/vendor/composer/ClassLoader.php(322): Composer\Autoload\includeFile()
#10 /home/laravel/web/syr.yummy-hunt.com/public_html/vendor/laravel/framework/src/Illuminate/Http/Request.php(20): Composer\Autoload\ClassLoader->loadClass()
#11 /home/laravel/web/syr.yummy-hunt.com/public_html/vendor/composer/ClassLoader.php(444): include('...')
#12 /home/laravel/web/syr.yummy-hunt.com/public_html/vendor/composer/ClassLoader.php(322): Composer\Autoload\includeFile()
#13 /home/laravel/web/syr.yummy-hunt.com/public_html/vendor/laravel/framework/src/Illuminate/Foundation/Bootstrap/SetRequestForConsole.php(31): Composer\Autoload\ClassLoader->loadClass()
#14 /home/laravel/web/syr.yummy-hunt.com/public_html/vendor/laravel/framework/src/Illuminate/Foundation/Application.php(230): Illuminate\Foundation\Bootstrap\SetRequestForConsole->bootstrap()
#15 /home/laravel/web/syr.yummy-hunt.com/public_html/vendor/laravel/framework/src/Illuminate/Foundation/Console/Kernel.php(310): Illuminate\Foundation\Application->bootstrapWith()
#16 /home/laravel/web/syr.yummy-hunt.com/public_html/vendor/laravel/framework/src/Illuminate/Foundation/Console/Kernel.php(127): Illuminate\Foundation\Console\Kernel->bootstrap()
#17 /home/laravel/web/syr.yummy-hunt.com/public_html/artisan(37): Illuminate\Foundation\Console\Kernel->handle()
#18 {main} {"exception":"[object] (Symfony\\Component\\ErrorHandler\\Error\\FatalError(code: 0): During inheritance of IteratorAggregate: Uncaught ErrorException: Return type of Symfony\\Component\\HttpFoundation\\ParameterBag::getIterator() should either be compatible with IteratorAggregate::getIterator(): Traversable, or the #[\\ReturnTypeWillChange] attribute should be used to temporarily suppress the notice in /home/laravel/web/syr.yummy-hunt.com/public_html/vendor/symfony/http-foundation/ParameterBag.php:210
Stack trace:
#0 /home/laravel/web/syr.yummy-hunt.com/public_html/vendor/symfony/http-foundation/ParameterBag.php(21): Illuminate\\Foundation\\Bootstrap\\HandleExceptions->handleError()
#1 /home/laravel/web/syr.yummy-hunt.com/public_html/vendor/composer/ClassLoader.php(444): include('...')
#2 /home/laravel/web/syr.yummy-hunt.com/public_html/vendor/composer/ClassLoader.php(322): Composer\\Autoload\\includeFile()
#3 /home/laravel/web/syr.yummy-hunt.com/public_html/vendor/symfony/http-foundation/FileBag.php(22): Composer\\Autoload\\ClassLoader->loadClass()
#4 /home/laravel/web/syr.yummy-hunt.com/public_html/vendor/composer/ClassLoader.php(444): include('...')
#5 /home/laravel/web/syr.yummy-hunt.com/public_html/vendor/composer/ClassLoader.php(322): Composer\\Autoload\\includeFile()
#6 [internal function]: Composer\\Autoload\\ClassLoader->loadClass()
#7 /home/laravel/web/syr.yummy-hunt.com/public_html/vendor/symfony/http-foundation/Request.php(21): class_exists()
#8 /home/laravel/web/syr.yummy-hunt.com/public_html/vendor/composer/ClassLoader.php(444): include('...')
#9 /home/laravel/web/syr.yummy-hunt.com/public_html/vendor/composer/ClassLoader.php(322): Composer\\Autoload\\includeFile()
#10 /home/laravel/web/syr.yummy-hunt.com/public_html/vendor/laravel/framework/src/Illuminate/Http/Request.php(20): Composer\\Autoload\\ClassLoader->loadClass()
#11 /home/laravel/web/syr.yummy-hunt.com/public_html/vendor/composer/ClassLoader.php(444): include('...')
#12 /home/laravel/web/syr.yummy-hunt.com/public_html/vendor/composer/ClassLoader.php(322): Composer\\Autoload\\includeFile()
#13 /home/laravel/web/syr.yummy-hunt.com/public_html/vendor/laravel/framework/src/Illuminate/Foundation/Bootstrap/SetRequestForConsole.php(31): Composer\\Autoload\\ClassLoader->loadClass()
#14 /home/laravel/web/syr.yummy-hunt.com/public_html/vendor/laravel/framework/src/Illuminate/Foundation/Application.php(230): Illuminate\\Foundation\\Bootstrap\\SetRequestForConsole->bootstrap()
#15 /home/laravel/web/syr.yummy-hunt.com/public_html/vendor/laravel/framework/src/Illuminate/Foundation/Console/Kernel.php(310): Illuminate\\Foundation\\Application->bootstrapWith()
#16 /home/laravel/web/syr.yummy-hunt.com/public_html/vendor/laravel/framework/src/Illuminate/Foundation/Console/Kernel.php(127): Illuminate\\Foundation\\Console\\Kernel->bootstrap()
#17 /home/laravel/web/syr.yummy-hunt.com/public_html/artisan(37): Illuminate\\Foundation\\Console\\Kernel->handle()
#18 {main} at /home/laravel/web/syr.yummy-hunt.com/public_html/vendor/symfony/http-foundation/ParameterBag.php:21)
[stacktrace]
#0 {main}
"} 
[2022-02-08 03:28:52] prodcution.ERROR: During inheritance of IteratorAggregate: Uncaught ErrorException: Return type of Symfony\Component\HttpFoundation\ParameterBag::getIterator() should either be compatible with IteratorAggregate::getIterator(): Traversable, or the #[\ReturnTypeWillChange] attribute should be used to temporarily suppress the notice in /home/laravel/web/syr.yummy-hunt.com/public_html/vendor/symfony/http-foundation/ParameterBag.php:210
Stack trace:
#0 /home/laravel/web/syr.yummy-hunt.com/public_html/vendor/symfony/http-foundation/ParameterBag.php(21): Illuminate\Foundation\Bootstrap\HandleExceptions->handleError()
#1 /home/laravel/web/syr.yummy-hunt.com/public_html/vendor/composer/ClassLoader.php(571): include('...')
#2 /home/laravel/web/syr.yummy-hunt.com/public_html/vendor/composer/ClassLoader.php(428): Composer\Autoload\includeFile()
#3 /home/laravel/web/syr.yummy-hunt.com/public_html/vendor/symfony/http-foundation/FileBag.php(22): Composer\Autoload\ClassLoader->loadClass()
#4 /home/laravel/web/syr.yummy-hunt.com/public_html/vendor/composer/ClassLoader.php(571): include('...')
#5 /home/laravel/web/syr.yummy-hunt.com/public_html/vendor/composer/ClassLoader.php(428): Composer\Autoload\includeFile()
#6 [internal function]: Composer\Autoload\ClassLoader->loadClass()
#7 /home/laravel/web/syr.yummy-hunt.com/public_html/vendor/symfony/http-foundation/Request.php(21): class_exists()
#8 /home/laravel/web/syr.yummy-hunt.com/public_html/vendor/composer/ClassLoader.php(571): include('...')
#9 /home/laravel/web/syr.yummy-hunt.com/public_html/vendor/composer/ClassLoader.php(428): Composer\Autoload\includeFile()
#10 /home/laravel/web/syr.yummy-hunt.com/public_html/vendor/laravel/framework/src/Illuminate/Http/Request.php(20): Composer\Autoload\ClassLoader->loadClass()
#11 /home/laravel/web/syr.yummy-hunt.com/public_html/vendor/composer/ClassLoader.php(571): include('...')
#12 /home/laravel/web/syr.yummy-hunt.com/public_html/vendor/composer/ClassLoader.php(428): Composer\Autoload\includeFile()
#13 /home/laravel/web/syr.yummy-hunt.com/public_html/vendor/laravel/framework/src/Illuminate/Foundation/Bootstrap/SetRequestForConsole.php(31): Composer\Autoload\ClassLoader->loadClass()
#14 /home/laravel/web/syr.yummy-hunt.com/public_html/vendor/laravel/framework/src/Illuminate/Foundation/Application.php(230): Illuminate\Foundation\Bootstrap\SetRequestForConsole->bootstrap()
#15 /home/laravel/web/syr.yummy-hunt.com/public_html/vendor/laravel/framework/src/Illuminate/Foundation/Console/Kernel.php(310): Illuminate\Foundation\Application->bootstrapWith()
#16 /home/laravel/web/syr.yummy-hunt.com/public_html/vendor/laravel/framework/src/Illuminate/Foundation/Console/Kernel.php(127): Illuminate\Foundation\Console\Kernel->bootstrap()
#17 /home/laravel/web/syr.yummy-hunt.com/public_html/artisan(37): Illuminate\Foundation\Console\Kernel->handle()
#18 {main} {"exception":"[object] (Symfony\\Component\\ErrorHandler\\Error\\FatalError(code: 0): During inheritance of IteratorAggregate: Uncaught ErrorException: Return type of Symfony\\Component\\HttpFoundation\\ParameterBag::getIterator() should either be compatible with IteratorAggregate::getIterator(): Traversable, or the #[\\ReturnTypeWillChange] attribute should be used to temporarily suppress the notice in /home/laravel/web/syr.yummy-hunt.com/public_html/vendor/symfony/http-foundation/ParameterBag.php:210
Stack trace:
#0 /home/laravel/web/syr.yummy-hunt.com/public_html/vendor/symfony/http-foundation/ParameterBag.php(21): Illuminate\\Foundation\\Bootstrap\\HandleExceptions->handleError()
#1 /home/laravel/web/syr.yummy-hunt.com/public_html/vendor/composer/ClassLoader.php(571): include('...')
#2 /home/laravel/web/syr.yummy-hunt.com/public_html/vendor/composer/ClassLoader.php(428): Composer\\Autoload\\includeFile()
#3 /home/laravel/web/syr.yummy-hunt.com/public_html/vendor/symfony/http-foundation/FileBag.php(22): Composer\\Autoload\\ClassLoader->loadClass()
#4 /home/laravel/web/syr.yummy-hunt.com/public_html/vendor/composer/ClassLoader.php(571): include('...')
#5 /home/laravel/web/syr.yummy-hunt.com/public_html/vendor/composer/ClassLoader.php(428): Composer\\Autoload\\includeFile()
#6 [internal function]: Composer\\Autoload\\ClassLoader->loadClass()
#7 /home/laravel/web/syr.yummy-hunt.com/public_html/vendor/symfony/http-foundation/Request.php(21): class_exists()
#8 /home/laravel/web/syr.yummy-hunt.com/public_html/vendor/composer/ClassLoader.php(571): include('...')
#9 /home/laravel/web/syr.yummy-hunt.com/public_html/vendor/composer/ClassLoader.php(428): Composer\\Autoload\\includeFile()
#10 /home/laravel/web/syr.yummy-hunt.com/public_html/vendor/laravel/framework/src/Illuminate/Http/Request.php(20): Composer\\Autoload\\ClassLoader->loadClass()
#11 /home/laravel/web/syr.yummy-hunt.com/public_html/vendor/composer/ClassLoader.php(571): include('...')
#12 /home/laravel/web/syr.yummy-hunt.com/public_html/vendor/composer/ClassLoader.php(428): Composer\\Autoload\\includeFile()
#13 /home/laravel/web/syr.yummy-hunt.com/public_html/vendor/laravel/framework/src/Illuminate/Foundation/Bootstrap/SetRequestForConsole.php(31): Composer\\Autoload\\ClassLoader->loadClass()
#14 /home/laravel/web/syr.yummy-hunt.com/public_html/vendor/laravel/framework/src/Illuminate/Foundation/Application.php(230): Illuminate\\Foundation\\Bootstrap\\SetRequestForConsole->bootstrap()
#15 /home/laravel/web/syr.yummy-hunt.com/public_html/vendor/laravel/framework/src/Illuminate/Foundation/Console/Kernel.php(310): Illuminate\\Foundation\\Application->bootstrapWith()
#16 /home/laravel/web/syr.yummy-hunt.com/public_html/vendor/laravel/framework/src/Illuminate/Foundation/Console/Kernel.php(127): Illuminate\\Foundation\\Console\\Kernel->bootstrap()
#17 /home/laravel/web/syr.yummy-hunt.com/public_html/artisan(37): Illuminate\\Foundation\\Console\\Kernel->handle()
#18 {main} at /home/laravel/web/syr.yummy-hunt.com/public_html/vendor/symfony/http-foundation/ParameterBag.php:21)
[stacktrace]
#0 {main}
"} 
[2022-02-08 03:52:09] prodcution.ERROR: [2022-02-08T03:52:09+0400] Invalid API key: ''. An API key must start with 'test_' or 'live_' and must be at least 30 characters long. {"exception":"[object] (Mollie\\Api\\Exceptions\\ApiException(code: 0): [2022-02-08T03:52:09+0400] Invalid API key: ''. An API key must start with 'test_' or 'live_' and must be at least 30 characters long. at /home/laravel/web/syr.yummy-hunt.com/public_html/vendor/mollie/mollie-api-php/src/MollieApiClient.php:386)
[stacktrace]
#0 /home/laravel/web/syr.yummy-hunt.com/public_html/vendor/mollie/laravel-mollie/src/Wrappers/MollieApiWrapper.php(92): Mollie\\Api\\MollieApiClient->setApiKey()
#1 /home/laravel/web/syr.yummy-hunt.com/public_html/vendor/mollie/laravel-mollie/src/Wrappers/MollieApiWrapper.php(67): Mollie\\Laravel\\Wrappers\\MollieApiWrapper->setApiKey()
#2 /home/laravel/web/syr.yummy-hunt.com/public_html/vendor/mollie/laravel-mollie/src/MollieServiceProvider.php(118): Mollie\\Laravel\\Wrappers\\MollieApiWrapper->__construct()
#3 /home/laravel/web/syr.yummy-hunt.com/public_html/vendor/laravel/framework/src/Illuminate/Container/Container.php(873): Mollie\\Laravel\\MollieServiceProvider->Mollie\\Laravel\\{closure}()
#4 /home/laravel/web/syr.yummy-hunt.com/public_html/vendor/laravel/framework/src/Illuminate/Container/Container.php(758): Illuminate\\Container\\Container->build()
#5 /home/laravel/web/syr.yummy-hunt.com/public_html/vendor/laravel/framework/src/Illuminate/Foundation/Application.php(851): Illuminate\\Container\\Container->resolve()
#6 /home/laravel/web/syr.yummy-hunt.com/public_html/vendor/laravel/framework/src/Illuminate/Container/Container.php(694): Illuminate\\Foundation\\Application->resolve()
#7 /home/laravel/web/syr.yummy-hunt.com/public_html/vendor/laravel/framework/src/Illuminate/Foundation/Application.php(836): Illuminate\\Container\\Container->make()
#8 /home/laravel/web/syr.yummy-hunt.com/public_html/vendor/laravel/framework/src/Illuminate/Foundation/helpers.php(119): Illuminate\\Foundation\\Application->make()
#9 /home/laravel/web/syr.yummy-hunt.com/public_html/vendor/mollie/laravel-mollie/src/helpers.php(6): app()
#10 /home/laravel/web/syr.yummy-hunt.com/public_html/vendor/laravel/cashier-mollie/src/CashierServiceProvider.php(33): mollie()
#11 /home/laravel/web/syr.yummy-hunt.com/public_html/vendor/laravel/framework/src/Illuminate/Container/BoundMethod.php(36): Laravel\\Cashier\\CashierServiceProvider->boot()
#12 /home/laravel/web/syr.yummy-hunt.com/public_html/vendor/laravel/framework/src/Illuminate/Container/Util.php(40): Illuminate\\Container\\BoundMethod::Illuminate\\Container\\{closure}()
#13 /home/laravel/web/syr.yummy-hunt.com/public_html/vendor/laravel/framework/src/Illuminate/Container/BoundMethod.php(93): Illuminate\\Container\\Util::unwrapIfClosure()
#14 /home/laravel/web/syr.yummy-hunt.com/public_html/vendor/laravel/framework/src/Illuminate/Container/BoundMethod.php(37): Illuminate\\Container\\BoundMethod::callBoundMethod()
#15 /home/laravel/web/syr.yummy-hunt.com/public_html/vendor/laravel/framework/src/Illuminate/Container/Container.php(653): Illuminate\\Container\\BoundMethod::call()
#16 /home/laravel/web/syr.yummy-hunt.com/public_html/vendor/laravel/framework/src/Illuminate/Foundation/Application.php(924): Illuminate\\Container\\Container->call()
#17 /home/laravel/web/syr.yummy-hunt.com/public_html/vendor/laravel/framework/src/Illuminate/Foundation/Application.php(905): Illuminate\\Foundation\\Application->bootProvider()
#18 [internal function]: Illuminate\\Foundation\\Application->Illuminate\\Foundation\\{closure}()
#19 /home/laravel/web/syr.yummy-hunt.com/public_html/vendor/laravel/framework/src/Illuminate/Foundation/Application.php(906): array_walk()
#20 /home/laravel/web/syr.yummy-hunt.com/public_html/vendor/laravel/framework/src/Illuminate/Foundation/Bootstrap/BootProviders.php(17): Illuminate\\Foundation\\Application->boot()
#21 /home/laravel/web/syr.yummy-hunt.com/public_html/vendor/laravel/framework/src/Illuminate/Foundation/Application.php(237): Illuminate\\Foundation\\Bootstrap\\BootProviders->bootstrap()
#22 /home/laravel/web/syr.yummy-hunt.com/public_html/vendor/laravel/framework/src/Illuminate/Foundation/Console/Kernel.php(310): Illuminate\\Foundation\\Application->bootstrapWith()
#23 /home/laravel/web/syr.yummy-hunt.com/public_html/vendor/laravel/framework/src/Illuminate/Foundation/Console/Kernel.php(127): Illuminate\\Foundation\\Console\\Kernel->bootstrap()
#24 /home/laravel/web/syr.yummy-hunt.com/public_html/artisan(37): Illuminate\\Foundation\\Console\\Kernel->handle()
#25 {main}
"} 
[2022-02-08 04:16:27] prodcution.ERROR: Trait 'Laravel\Sanctum\HasApiTokens' not found {"exception":"[object] (Symfony\\Component\\ErrorHandler\\Error\\FatalError(code: 0): Trait 'Laravel\\Sanctum\\HasApiTokens' not found at /home/laravel/web/syr.yummy-hunt.com/public_html/app/Models/AppUser.php:12)
[stacktrace]
#0 {main}
"} 
[2022-02-08 04:16:43] prodcution.ERROR: Trait 'Laravel\Sanctum\HasApiTokens' not found {"exception":"[object] (Symfony\\Component\\ErrorHandler\\Error\\FatalError(code: 0): Trait 'Laravel\\Sanctum\\HasApiTokens' not found at /home/laravel/web/syr.yummy-hunt.com/public_html/app/Models/AppUser.php:12)
[stacktrace]
#0 {main}
"} 
